This is pdfTeX, Version 3.141592653-2.6-1.40.22 (TeX Live 2022/dev/Debian) (preloaded format=pdflatex 2024.1.20)  20 JAN 2024 15:06
entering extended mode
 restricted \write18 enabled.
 %&-line parsing enabled.
**refman
(./refman.tex
LaTeX2e <2021-11-15> patch level 1
L3 programming layer <2022-01-21>
(/usr/share/texlive/texmf-dist/tex/latex/base/book.cls
Document Class: book 2021/10/04 v1.4n Standard LaTeX document class
(/usr/share/texlive/texmf-dist/tex/latex/base/bk10.clo
File: bk10.clo 2021/10/04 v1.4n Standard LaTeX file (size option)
)
\c@part=\count185
\c@chapter=\count186
\c@section=\count187
\c@subsection=\count188
\c@subsubsection=\count189
\c@paragraph=\count190
\c@subparagraph=\count191
\c@figure=\count192
\c@table=\count193
\abovecaptionskip=\skip47
\belowcaptionskip=\skip48
\bibindent=\dimen138
)
(/usr/share/texlive/texmf-dist/tex/latex/base/ifthen.sty
Package: ifthen 2020/11/24 v1.1c Standard LaTeX ifthen package (DPC)
)
(/usr/share/texlive/texmf-dist/tex/latex/tools/array.sty
Rollback for package 'array' requested -> date 2016-10-06.
         Best approximation is the release introduced on 2016-10-06.

(/usr/share/texlive/texmf-dist/tex/latex/tools/array-2016-10-06.sty
Package: array 2016/10/06 v2.4d Tabular extension package (FMi)
\col@sep=\dimen139
\extrarowheight=\dimen140
\NC@list=\toks16
\extratabsurround=\skip49
\backup@length=\skip50
))
(/usr/share/texlive/texmf-dist/tex/generic/infwarerr/infwarerr.sty
package info suppressed
)
(./doxygen.sty
Package: doxygen 
 (/usr/share/texlive/texmf-dist/tex/latex/base/alltt.sty
Package: alltt 2021/01/29 v2.0g defines alltt environment
)
(/usr/share/texlive/texmf-dist/tex/latex/tools/calc.sty
Package: calc 2017/05/25 v4.3 Infix arithmetic (KKT,FJ)
\calc@Acount=\count194
\calc@Bcount=\count195
\calc@Adimen=\dimen141
\calc@Bdimen=\dimen142
\calc@Askip=\skip51
\calc@Bskip=\skip52
LaTeX Info: Redefining \setlength on input line 80.
LaTeX Info: Redefining \addtolength on input line 81.
\calc@Ccount=\count196
\calc@Cskip=\skip53
)
(/usr/share/texlive/texmf-dist/tex/latex/float/float.sty
Package: float 2001/11/08 v1.3d Float enhancements (AL)
\c@float@type=\count197
\float@exts=\toks17
\float@box=\box50
\@float@everytoks=\toks18
\@floatcapt=\box51
)
(/usr/share/texlive/texmf-dist/tex/latex/tools/verbatim.sty
Package: verbatim 2020-07-07 v1.5u LaTeX2e package for verbatim enhancements
\every@verbatim=\toks19
\verbatim@line=\toks20
\verbatim@in@stream=\read2
)
(/usr/share/texlive/texmf-dist/tex/latex/xcolor/xcolor.sty
Package: xcolor 2021/10/31 v2.13 LaTeX color extensions (UK)

(/usr/share/texlive/texmf-dist/tex/latex/graphics-cfg/color.cfg
File: color.cfg 2016/01/02 v1.6 sample color configuration
)
Package xcolor Info: Driver file: pdftex.def on input line 227.

(/usr/share/texlive/texmf-dist/tex/latex/graphics-def/pdftex.def
File: pdftex.def 2020/10/05 v1.2a Graphics/color driver for pdftex
)
(/usr/share/texlive/texmf-dist/tex/latex/colortbl/colortbl.sty
Package: colortbl 2020/01/04 v1.0e Color table columns (DPC)
\everycr=\toks21
\minrowclearance=\skip54
)
\rownum=\count198
Package xcolor Info: Model `cmy' substituted by `cmy0' on input line 1352.
Package xcolor Info: Model `hsb' substituted by `rgb' on input line 1356.
Package xcolor Info: Model `RGB' extended on input line 1368.
Package xcolor Info: Model `HTML' substituted by `rgb' on input line 1370.
Package xcolor Info: Model `Hsb' substituted by `hsb' on input line 1371.
Package xcolor Info: Model `tHsb' substituted by `hsb' on input line 1372.
Package xcolor Info: Model `HSB' substituted by `hsb' on input line 1373.
Package xcolor Info: Model `Gray' substituted by `gray' on input line 1374.
Package xcolor Info: Model `wave' substituted by `hsb' on input line 1375.
)
(./longtable_doxygen.sty
Package: longtable_doxygen 2014/10/28 v4.11 Multi-page Table package (DPC) - fr
ozen version for doxygen
\LTleft=\skip55
\LTright=\skip56
\LTpre=\skip57
\LTpost=\skip58
\LTchunksize=\count199
\LTcapwidth=\dimen143
\LT@head=\box52
\LT@firsthead=\box53
\LT@foot=\box54
\LT@lastfoot=\box55
\LT@cols=\count266
\LT@rows=\count267
\c@LT@tables=\count268
\c@LT@chunks=\count269
\LT@p@ftn=\toks22
) (./tabu_doxygen.sty
Package: tabu_doxygen 2011/02/26 v2.8 - flexible LaTeX tabulars (FC), frozen ve
rsion for doxygen

(/usr/share/texlive/texmf-dist/tex/latex/varwidth/varwidth.sty
Package: varwidth 2009/03/30 ver 0.92;  Variable-width minipages
\@vwid@box=\box56
\sift@deathcycles=\count270
\@vwid@loff=\dimen144
\@vwid@roff=\dimen145
)
\c@taburow=\count271
\tabu@nbcols=\count272
\tabu@cnt=\count273
\tabu@Xcol=\count274
\tabu@alloc=\count275
\tabu@nested=\count276
\tabu@target=\dimen146
\tabu@spreadtarget=\dimen147
\tabu@naturalX=\dimen148
\tabucolX=\dimen149
\tabu@Xsum=\dimen150
\extrarowdepth=\dimen151
\abovetabulinesep=\dimen152
\belowtabulinesep=\dimen153
\tabustrutrule=\dimen154
\tabu@thebody=\toks23
\tabu@footnotes=\toks24
\tabu@box=\box57
\tabu@arstrutbox=\box58
\tabu@hleads=\box59
\tabu@vleads=\box60
\tabu@cellskip=\skip59
)
(/usr/share/texlive/texmf-dist/tex/latex/fancyvrb/fancyvrb.sty
Package: fancyvrb 2021/12/21 4.1b verbatim text (tvz,hv)

(/usr/share/texlive/texmf-dist/tex/latex/graphics/keyval.sty
Package: keyval 2014/10/28 v1.15 key=value parser (DPC)
\KV@toks@=\toks25
)
\FV@CodeLineNo=\count277
\FV@InFile=\read3
\FV@TabBox=\box61
\c@FancyVerbLine=\count278
\FV@StepNumber=\count279
\FV@OutFile=\write3
)
(/usr/share/texlive/texmf-dist/tex/latex/tools/tabularx.sty
Package: tabularx 2020/01/15 v2.11c `tabularx' package (DPC)
\TX@col@width=\dimen155
\TX@old@table=\dimen156
\TX@old@col=\dimen157
\TX@target=\dimen158
\TX@delta=\dimen159
\TX@cols=\count280
\TX@ftn=\toks26
)
(/usr/share/texlive/texmf-dist/tex/latex/tools/multicol.sty
Package: multicol 2021/10/28 v1.9b multicolumn formatting (FMi)
\c@tracingmulticols=\count281
\mult@box=\box62
\multicol@leftmargin=\dimen160
\c@unbalance=\count282
\c@collectmore=\count283
\doublecol@number=\count284
\multicoltolerance=\count285
\multicolpretolerance=\count286
\full@width=\dimen161
\page@free=\dimen162
\premulticols=\dimen163
\postmulticols=\dimen164
\multicolsep=\skip60
\multicolbaselineskip=\skip61
\partial@page=\box63
\last@line=\box64
\maxbalancingoverflow=\dimen165
\mult@rightbox=\box65
\mult@grightbox=\box66
\mult@firstbox=\box67
\mult@gfirstbox=\box68
\@tempa=\box69
\@tempa=\box70
\@tempa=\box71
\@tempa=\box72
\@tempa=\box73
\@tempa=\box74
\@tempa=\box75
\@tempa=\box76
\@tempa=\box77
\@tempa=\box78
\@tempa=\box79
\@tempa=\box80
\@tempa=\box81
\@tempa=\box82
\@tempa=\box83
\@tempa=\box84
\@tempa=\box85
\@tempa=\box86
\@tempa=\box87
\@tempa=\box88
\@tempa=\box89
\@tempa=\box90
\@tempa=\box91
\@tempa=\box92
\@tempa=\box93
\@tempa=\box94
\@tempa=\box95
\@tempa=\box96
\@tempa=\box97
\@tempa=\box98
\@tempa=\box99
\@tempa=\box100
\@tempa=\box101
\@tempa=\box102
\@tempa=\box103
\@tempa=\box104
\c@minrows=\count287
\c@columnbadness=\count288
\c@finalcolumnbadness=\count289
\last@try=\dimen166
\multicolovershoot=\dimen167
\multicolundershoot=\dimen168
\mult@nat@firstbox=\box105
\colbreak@box=\box106
\mc@col@check@num=\count290
)
(/usr/share/texlive/texmf-dist/tex/latex/multirow/multirow.sty
Package: multirow 2021/03/15 v2.8 Span multiple rows of a table
\multirow@colwidth=\skip62
\multirow@cntb=\count291
\multirow@dima=\skip63
\bigstrutjot=\dimen169
)
(/usr/share/texlive/texmf-dist/tex/latex/hanging/hanging.sty
Package: hanging 2009/09/02 v1.2b hanging paragraphs and punctuation
\h@ngcommawd=\skip64
\h@ngfstopwd=\skip65
\h@ngquotewd=\skip66
\h@ngdquotewd=\skip67
\h@ngquerywd=\skip68
\h@ngexclwd=\skip69
\h@ngcolonwd=\skip70
\h@ngscolonwd=\skip71
)
(/usr/share/texlive/texmf-dist/tex/generic/iftex/ifpdf.sty
Package: ifpdf 2019/10/25 v3.4 ifpdf legacy package. Use iftex instead.

(/usr/share/texlive/texmf-dist/tex/generic/iftex/iftex.sty
Package: iftex 2020/03/06 v1.0d TeX engine tests
))
(/usr/share/texlive/texmf-dist/tex/latex/adjustbox/adjustbox.sty
Package: adjustbox 2020/08/19 v1.3 Adjusting TeX boxes (trim, clip, ...)

(/usr/share/texlive/texmf-dist/tex/latex/xkeyval/xkeyval.sty
Package: xkeyval 2020/11/20 v2.8 package option processing (HA)

(/usr/share/texlive/texmf-dist/tex/generic/xkeyval/xkeyval.tex
(/usr/share/texlive/texmf-dist/tex/generic/xkeyval/xkvutils.tex
\XKV@toks=\toks27
\XKV@tempa@toks=\toks28
)
\XKV@depth=\count292
File: xkeyval.tex 2014/12/03 v2.7a key=value parser (HA)
))
(/usr/share/texlive/texmf-dist/tex/latex/adjustbox/adjcalc.sty
Package: adjcalc 2012/05/16 v1.1 Provides advanced setlength with multiple back
-ends (calc, etex, pgfmath)
)
(/usr/share/texlive/texmf-dist/tex/latex/adjustbox/trimclip.sty
Package: trimclip 2020/08/19 v1.2 Trim and clip general TeX material

(/usr/share/texlive/texmf-dist/tex/latex/graphics/graphicx.sty
Package: graphicx 2021/09/16 v1.2d Enhanced LaTeX Graphics (DPC,SPQR)

(/usr/share/texlive/texmf-dist/tex/latex/graphics/graphics.sty
Package: graphics 2021/03/04 v1.4d Standard LaTeX Graphics (DPC,SPQR)

(/usr/share/texlive/texmf-dist/tex/latex/graphics/trig.sty
Package: trig 2021/08/11 v1.11 sin cos tan (DPC)
)
(/usr/share/texlive/texmf-dist/tex/latex/graphics-cfg/graphics.cfg
File: graphics.cfg 2016/06/04 v1.11 sample graphics configuration
)
Package graphics Info: Driver file: pdftex.def on input line 107.
)
\Gin@req@height=\dimen170
\Gin@req@width=\dimen171
)
(/usr/share/texlive/texmf-dist/tex/latex/collectbox/collectbox.sty
Package: collectbox 2012/05/17 v0.4b Collect macro arguments as boxes
\collectedbox=\box107
)
\tc@llx=\dimen172
\tc@lly=\dimen173
\tc@urx=\dimen174
\tc@ury=\dimen175
Package trimclip Info: Using driver 'tc-pdftex.def'.

(/usr/share/texlive/texmf-dist/tex/latex/adjustbox/tc-pdftex.def
File: tc-pdftex.def 2019/01/04 v2.2 Clipping driver for pdftex
))
\adjbox@Width=\dimen176
\adjbox@Height=\dimen177
\adjbox@Depth=\dimen178
\adjbox@Totalheight=\dimen179
\adjbox@pwidth=\dimen180
\adjbox@pheight=\dimen181
\adjbox@pdepth=\dimen182
\adjbox@ptotalheight=\dimen183

(/usr/share/texlive/texmf-dist/tex/latex/ifoddpage/ifoddpage.sty
Package: ifoddpage 2016/04/23 v1.1 Conditionals for odd/even page detection
\c@checkoddpage=\count293
))
(/usr/share/texlive/texmf-dist/tex/latex/amsfonts/amssymb.sty
Package: amssymb 2013/01/14 v3.01 AMS font symbols

(/usr/share/texlive/texmf-dist/tex/latex/amsfonts/amsfonts.sty
Package: amsfonts 2013/01/14 v3.01 Basic AMSFonts support
\@emptytoks=\toks29
\symAMSa=\mathgroup4
\symAMSb=\mathgroup5
LaTeX Font Info:    Redeclaring math symbol \hbar on input line 98.
LaTeX Font Info:    Overwriting math alphabet `\mathfrak' in version `bold'
(Font)                  U/euf/m/n --> U/euf/b/n on input line 106.
))
(/usr/share/texlive/texmf-dist/tex/latex/stackengine/stackengine.sty
Package: stackengine 2021/07/22 v4.11\ Stacking text and objects in convenient 
ways

(/usr/share/texlive/texmf-dist/tex/latex/etoolbox/etoolbox.sty
Package: etoolbox 2020/10/05 v2.5k e-TeX tools for LaTeX (JAW)
\etb@tempcnta=\count294
)
(/usr/share/texlive/texmf-dist/tex/generic/listofitems/listofitems.sty
(/usr/share/texlive/texmf-dist/tex/generic/listofitems/listofitems.tex
\loi_cnt_foreach_nest=\count295
\loi_nestcnt=\count296
)
Package: listofitems 2019/08/21 v1.63 Grab items in lists using user-specified 
sep char (CT)
)
\c@@stackindex=\count297
\@boxshift=\skip72
\stack@tmplength=\skip73
\temp@stkl=\skip74
\@stackedboxwidth=\skip75
\@addedbox=\box108
\@anchorbox=\box109
\@insetbox=\box110
\se@backgroundbox=\box111
\stackedbox=\box112
\@centerbox=\box113
\c@ROWcellindex@=\count298
)
(/usr/share/texlive/texmf-dist/tex/latex/enumitem/enumitem.sty
Package: enumitem 2019/06/20 v3.9 Customized lists
\labelindent=\skip76
\enit@outerparindent=\dimen184
\enit@toks=\toks30
\enit@inbox=\box114
\enit@count@id=\count299
\enitdp@description=\count300
)
(/usr/share/texlive/texmf-dist/tex/generic/alphalph/alphalph.sty
Package: alphalph 2019/12/09 v2.6 Convert numbers to letters (HO)

(/usr/share/texlive/texmf-dist/tex/generic/intcalc/intcalc.sty
Package: intcalc 2019/12/15 v1.3 Expandable calculations with integers (HO)
))
(/usr/share/texlive/texmf-dist/tex/generic/ulem/ulem.sty
\UL@box=\box115
\UL@hyphenbox=\box116
\UL@skip=\skip77
\UL@hook=\toks31
\UL@height=\dimen185
\UL@pe=\count301
\UL@pixel=\dimen186
\ULC@box=\box117
Package: ulem 2019/11/18
\ULdepth=\dimen187
)
\xrefbox=\box118
\xreflength=\skip78
\CodeWidthChar=\skip79
\CodeHeightChar=\skip80
\DoxyCodeWidth=\skip81
\c@DoxyEnumeratei=\count302
\c@DoxyEnumerateii=\count303
\c@DoxyEnumerateiii=\count304
\c@DoxyEnumerateiv=\count305
\c@DoxyEnumeratev=\count306
\c@DoxyEnumeratevi=\count307
\c@DoxyEnumeratevii=\count308
\c@DoxyEnumerateviii=\count309
\c@DoxyEnumerateix=\count310
\c@DoxyEnumeratex=\count311
\c@DoxyEnumeratexi=\count312
\c@DoxyEnumeratexii=\count313
\enitdp@DoxyEnumerate=\count314
\enitdp@DoxyItemize=\count315
\c@subsubsubsection=\count316
\c@subsubsubsubsection=\count317
\c@subsubsubsubsubsection=\count318
\c@subsubsubsubsubsubsection=\count319
)
(/usr/share/texlive/texmf-dist/tex/latex/base/inputenc.sty
Package: inputenc 2021/02/14 v1.3d Input encoding file
\inpenc@prehook=\toks32
\inpenc@posthook=\toks33
)
(/usr/share/texlive/texmf-dist/tex/latex/base/makeidx.sty
Package: makeidx 2021/10/04 v1.0m Standard LaTeX package
)
(/usr/share/texlive/texmf-dist/tex/latex/base/textcomp.sty
Package: textcomp 2020/02/02 v2.0n Standard LaTeX package
)
(/usr/share/texlive/texmf-dist/tex/latex/wasysym/wasysym.sty
Package: wasysym 2020/01/19 v2.4 Wasy-2 symbol support package
\symwasy=\mathgroup6
LaTeX Font Info:    Overwriting symbol font `wasy' in version `bold'
(Font)                  U/wasy/m/n --> U/wasy/b/n on input line 93.
)
(/usr/share/texlive/texmf-dist/tex/generic/iftex/ifxetex.sty
Package: ifxetex 2019/10/25 v0.7 ifxetex legacy package. Use iftex instead.
)
(/usr/share/texlive/texmf-dist/tex/latex/base/fontenc.sty
Package: fontenc 2021/04/29 v2.0v Standard LaTeX package
)
(/usr/share/texlive/texmf-dist/tex/latex/psnfss/helvet.sty
Package: helvet 2020/03/25 PSNFSS-v9.3 (WaS) 
)
(/usr/share/texlive/texmf-dist/tex/latex/psnfss/courier.sty
Package: courier 2020/03/25 PSNFSS-v9.3 (WaS) 
)
(/usr/share/texlive/texmf-dist/tex/latex/geometry/geometry.sty
Package: geometry 2020/01/02 v5.9 Page Geometry

(/usr/share/texlive/texmf-dist/tex/generic/iftex/ifvtex.sty
Package: ifvtex 2019/10/25 v1.7 ifvtex legacy package. Use iftex instead.
)
\Gm@cnth=\count320
\Gm@cntv=\count321
\c@Gm@tempcnt=\count322
\Gm@bindingoffset=\dimen188
\Gm@wd@mp=\dimen189
\Gm@odd@mp=\dimen190
\Gm@even@mp=\dimen191
\Gm@layoutwidth=\dimen192
\Gm@layoutheight=\dimen193
\Gm@layouthoffset=\dimen194
\Gm@layoutvoffset=\dimen195
\Gm@dimlist=\toks34
)
(/usr/share/texlive/texmf-dist/tex/latex/changepage/changepage.sty
Package: changepage 2009/10/20 v1.0c check page and change page layout
\c@cp@cntr=\count323
\cp@tempcnt=\count324
LaTeX Info: Redefining \checkoddpage on input line 59.
)
(/usr/share/texlive/texmf-dist/tex/latex/fancyhdr/fancyhdr.sty
Package: fancyhdr 2021/01/28 v4.0.1 Extensive control of page headers and foote
rs
\f@nch@headwidth=\skip82
\f@nch@O@elh=\skip83
\f@nch@O@erh=\skip84
\f@nch@O@olh=\skip85
\f@nch@O@orh=\skip86
\f@nch@O@elf=\skip87
\f@nch@O@erf=\skip88
\f@nch@O@olf=\skip89
\f@nch@O@orf=\skip90
)
(/usr/share/texlive/texmf-dist/tex/latex/natbib/natbib.sty
Package: natbib 2010/09/13 8.31b (PWD, AO)
\bibhang=\skip91
\bibsep=\skip92
LaTeX Info: Redefining \cite on input line 694.
\c@NAT@ctr=\count325
)
(/usr/share/texlive/texmf-dist/tex/latex/tocloft/tocloft.sty
Package: tocloft 2017/08/31 v2.3i parameterised ToC, etc., typesetting
Package tocloft Info: The document has chapter divisions on input line 51.
\cftparskip=\skip93
\cftbeforetoctitleskip=\skip94
\cftaftertoctitleskip=\skip95
\cftbeforepartskip=\skip96
\cftpartnumwidth=\skip97
\cftpartindent=\skip98
\cftbeforechapskip=\skip99
\cftchapindent=\skip100
\cftchapnumwidth=\skip101
\cftbeforesecskip=\skip102
\cftsecindent=\skip103
\cftsecnumwidth=\skip104
\cftbeforesubsecskip=\skip105
\cftsubsecindent=\skip106
\cftsubsecnumwidth=\skip107
\cftbeforesubsubsecskip=\skip108
\cftsubsubsecindent=\skip109
\cftsubsubsecnumwidth=\skip110
\cftbeforeparaskip=\skip111
\cftparaindent=\skip112
\cftparanumwidth=\skip113
\cftbeforesubparaskip=\skip114
\cftsubparaindent=\skip115
\cftsubparanumwidth=\skip116
\cftbeforeloftitleskip=\skip117
\cftafterloftitleskip=\skip118
\cftbeforefigskip=\skip119
\cftfigindent=\skip120
\cftfignumwidth=\skip121
\c@lofdepth=\count326
\c@lotdepth=\count327
\cftbeforelottitleskip=\skip122
\cftafterlottitleskip=\skip123
\cftbeforetabskip=\skip124
\cfttabindent=\skip125
\cfttabnumwidth=\skip126
)
\@indexfile=\write4
\openout4 = `refman.idx'.


Writing index file refman.idx
(/usr/share/texlive/texmf-dist/tex/latex/newunicodechar/newunicodechar.sty
Package: newunicodechar 2018/04/08 v1.2 Defining Unicode characters
)
(/usr/share/texlive/texmf-dist/tex/latex/hyperref/hyperref.sty
Package: hyperref 2021-06-07 v7.00m Hypertext links for LaTeX

(/usr/share/texlive/texmf-dist/tex/generic/ltxcmds/ltxcmds.sty
Package: ltxcmds 2020-05-10 v1.25 LaTeX kernel commands for general use (HO)
)
(/usr/share/texlive/texmf-dist/tex/generic/pdftexcmds/pdftexcmds.sty
Package: pdftexcmds 2020-06-27 v0.33 Utility functions of pdfTeX for LuaTeX (HO
)
Package pdftexcmds Info: \pdf@primitive is available.
Package pdftexcmds Info: \pdf@ifprimitive is available.
Package pdftexcmds Info: \pdfdraftmode found.
)
(/usr/share/texlive/texmf-dist/tex/generic/kvsetkeys/kvsetkeys.sty
Package: kvsetkeys 2019/12/15 v1.18 Key value parser (HO)
)
(/usr/share/texlive/texmf-dist/tex/generic/kvdefinekeys/kvdefinekeys.sty
Package: kvdefinekeys 2019-12-19 v1.6 Define keys (HO)
)
(/usr/share/texlive/texmf-dist/tex/generic/pdfescape/pdfescape.sty
Package: pdfescape 2019/12/09 v1.15 Implements pdfTeX's escape features (HO)
)
(/usr/share/texlive/texmf-dist/tex/latex/hycolor/hycolor.sty
Package: hycolor 2020-01-27 v1.10 Color options for hyperref/bookmark (HO)
)
(/usr/share/texlive/texmf-dist/tex/latex/letltxmacro/letltxmacro.sty
Package: letltxmacro 2019/12/03 v1.6 Let assignment for LaTeX macros (HO)
)
(/usr/share/texlive/texmf-dist/tex/latex/auxhook/auxhook.sty
Package: auxhook 2019-12-17 v1.6 Hooks for auxiliary files (HO)
)
(/usr/share/texlive/texmf-dist/tex/latex/kvoptions/kvoptions.sty
Package: kvoptions 2020-10-07 v3.14 Key value format for package options (HO)
)
\@linkdim=\dimen196
\Hy@linkcounter=\count328
\Hy@pagecounter=\count329

(/usr/share/texlive/texmf-dist/tex/latex/hyperref/pd1enc.def
File: pd1enc.def 2021-06-07 v7.00m Hyperref: PDFDocEncoding definition (HO)
Now handling font encoding PD1 ...
... no UTF-8 mapping file for font encoding PD1
)
(/usr/share/texlive/texmf-dist/tex/latex/hyperref/hyperref-langpatches.def
File: hyperref-langpatches.def 2021-06-07 v7.00m Hyperref: patches for babel la
nguages
)
(/usr/share/texlive/texmf-dist/tex/generic/etexcmds/etexcmds.sty
Package: etexcmds 2019/12/15 v1.7 Avoid name clashes with e-TeX commands (HO)
)
\Hy@SavedSpaceFactor=\count330

(/usr/share/texlive/texmf-dist/tex/latex/hyperref/puenc.def
File: puenc.def 2021-06-07 v7.00m Hyperref: PDF Unicode definition (HO)
Now handling font encoding PU ...
... no UTF-8 mapping file for font encoding PU
)
Package hyperref Info: Hyper figures OFF on input line 4192.
Package hyperref Info: Link nesting OFF on input line 4197.
Package hyperref Info: Hyper index ON on input line 4200.
Package hyperref Info: Plain pages OFF on input line 4207.
Package hyperref Info: Backreferencing ON on input line 4210.
Package hyperref Info: Implicit mode ON; LaTeX internals redefined.
Package hyperref Info: Bookmarks ON on input line 4445.

(/usr/share/texlive/texmf-dist/tex/latex/hyperref/backref.sty
Package: backref 2021/02/04 v1.41 Bibliographical back referencing

(/usr/share/texlive/texmf-dist/tex/latex/rerunfilecheck/rerunfilecheck.sty
Package: rerunfilecheck 2019/12/05 v1.9 Rerun checks for auxiliary files (HO)

(/usr/share/texlive/texmf-dist/tex/latex/base/atveryend-ltx.sty
Package: atveryend-ltx 2020/08/19 v1.0a Emulation of the original atveryend pac
kage
with kernel methods
)
(/usr/share/texlive/texmf-dist/tex/generic/uniquecounter/uniquecounter.sty
Package: uniquecounter 2019/12/15 v1.4 Provide unlimited unique counter (HO)

(/usr/share/texlive/texmf-dist/tex/generic/bigintcalc/bigintcalc.sty
Package: bigintcalc 2019/12/15 v1.5 Expandable calculations on big integers (HO
)
))
Package uniquecounter Info: New unique counter `rerunfilecheck' on input line 2
86.
))
\c@Hy@tempcnt=\count331

(/usr/share/texlive/texmf-dist/tex/latex/url/url.sty
\Urlmuskip=\muskip16
Package: url 2013/09/16  ver 3.4  Verb mode for urls, etc.
)
LaTeX Info: Redefining \url on input line 4804.
\XeTeXLinkMargin=\dimen197

(/usr/share/texlive/texmf-dist/tex/generic/bitset/bitset.sty
Package: bitset 2019/12/09 v1.3 Handle bit-vector datatype (HO)
)
\Fld@menulength=\count332
\Field@Width=\dimen198
\Fld@charsize=\dimen199
Package hyperref Info: Hyper figures OFF on input line 6076.
Package hyperref Info: Link nesting OFF on input line 6081.
Package hyperref Info: Hyper index ON on input line 6084.
Package hyperref Info: backreferencing ON on input line 6089.
Package hyperref Info: Link coloring OFF on input line 6096.
Package hyperref Info: Link coloring with OCG OFF on input line 6101.
Package hyperref Info: PDF/A mode OFF on input line 6106.
LaTeX Info: Redefining \ref on input line 6146.
LaTeX Info: Redefining \pageref on input line 6150.

(/usr/share/texlive/texmf-dist/tex/latex/base/atbegshi-ltx.sty
Package: atbegshi-ltx 2021/01/10 v1.0c Emulation of the original atbegshi
package with kernel methods
)
\Hy@abspage=\count333
\c@Item=\count334
\c@Hfootnote=\count335
)
Package hyperref Info: Driver: hpdftex.

(/usr/share/texlive/texmf-dist/tex/latex/hyperref/hpdftex.def
File: hpdftex.def 2021-06-07 v7.00m Hyperref driver for pdfTeX
\Fld@listcount=\count336
\c@bookmark@seq@number=\count337
\Hy@SectionHShift=\skip127
)
Package hyperref Info: Option `colorlinks' set `true' on input line 161.
Package hyperref Info: Option `unicode' set `true' on input line 161.

(/usr/share/texlive/texmf-dist/tex/latex/caption/caption.sty
Package: caption 2020/10/26 v3.5g Customizing captions (AR)

(/usr/share/texlive/texmf-dist/tex/latex/caption/caption3.sty
Package: caption3 2020/10/21 v2.2e caption3 kernel (AR)
\captionmargin=\dimen256
\captionmargin@=\dimen257
\captionwidth=\dimen258
\caption@tempdima=\dimen259
\caption@indent=\dimen260
\caption@parindent=\dimen261
\caption@hangindent=\dimen262
Package caption Info: Standard document class detected.
)
\c@caption@flags=\count338
\c@continuedfloat=\count339
Package caption Info: changepage package is loaded.
\caption@adjustwidth@hsize=\dimen263
\caption@adjustwidth@linewidth=\dimen264
Package caption Info: float package is loaded.
Package caption Info: hyperref package is loaded.
Package caption Info: longtable package is loaded.

(/usr/share/texlive/texmf-dist/tex/latex/caption/ltcaption.sty
Package: ltcaption 2020/05/30 v1.4b longtable captions (AR)
))
(./etoc_doxygen.sty
Package: etoc_doxygen 2023/07/01 v1.2b Completely customisable TOCs (JFB)
\Etoc@toctoks=\toks35
\c@etoc@tocid=\count340
\etoc@framed@titlebox=\box119
\etoc@framed@contentsbox=\box120
)
LaTeX Font Info:    Trying to load font information for T1+phv on input line 18
3.
 (/usr/share/texlive/texmf-dist/tex/latex/psnfss/t1phv.fd
File: t1phv.fd 2020/03/25 scalable font definitions for T1/phv.
)
LaTeX Font Info:    Font shape `T1/phv/m/n' will be
(Font)              scaled to size 8.99994pt on input line 183.

(/usr/share/texlive/texmf-dist/tex/latex/l3backend/l3backend-pdftex.def
File: l3backend-pdftex.def 2022-01-12 L3 backend support: PDF output (pdfTeX)
\l__color_backend_stack_int=\count341
\l__pdf_internal_box=\box121
)
(./refman.aux)
\openout1 = `refman.aux'.

LaTeX Font Info:    Checking defaults for OML/cmm/m/it on input line 183.
LaTeX Font Info:    ... okay on input line 183.
LaTeX Font Info:    Checking defaults for OMS/cmsy/m/n on input line 183.
LaTeX Font Info:    ... okay on input line 183.
LaTeX Font Info:    Checking defaults for OT1/cmr/m/n on input line 183.
LaTeX Font Info:    ... okay on input line 183.
LaTeX Font Info:    Checking defaults for T1/cmr/m/n on input line 183.
LaTeX Font Info:    ... okay on input line 183.
LaTeX Font Info:    Checking defaults for TS1/cmr/m/n on input line 183.
LaTeX Font Info:    ... okay on input line 183.
LaTeX Font Info:    Checking defaults for OMX/cmex/m/n on input line 183.
LaTeX Font Info:    ... okay on input line 183.
LaTeX Font Info:    Checking defaults for U/cmr/m/n on input line 183.
LaTeX Font Info:    ... okay on input line 183.
LaTeX Font Info:    Checking defaults for PD1/pdf/m/n on input line 183.
LaTeX Font Info:    ... okay on input line 183.
LaTeX Font Info:    Checking defaults for PU/pdf/m/n on input line 183.
LaTeX Font Info:    ... okay on input line 183.

(/usr/share/texlive/texmf-dist/tex/context/base/mkii/supp-pdf.mkii
[Loading MPS to PDF converter (version 2006.09.02).]
\scratchcounter=\count342
\scratchdimen=\dimen265
\scratchbox=\box122
\nofMPsegments=\count343
\nofMParguments=\count344
\everyMPshowfont=\toks36
\MPscratchCnt=\count345
\MPscratchDim=\dimen266
\MPnumerator=\count346
\makeMPintoPDFobject=\count347
\everyMPtoPDFconversion=\toks37
) (/usr/share/texlive/texmf-dist/tex/latex/epstopdf-pkg/epstopdf-base.sty
Package: epstopdf-base 2020-01-24 v2.11 Base part for package epstopdf
Package epstopdf-base Info: Redefining graphics rule for `.eps' on input line 4
85.

(/usr/share/texlive/texmf-dist/tex/latex/latexconfig/epstopdf-sys.cfg
File: epstopdf-sys.cfg 2010/07/13 v1.3 Configuration of (r)epstopdf for TeX Liv
e
))
*geometry* driver: auto-detecting
*geometry* detected driver: pdftex
*geometry* verbose mode - [ preamble ] result:
* driver: pdftex
* paper: a4paper
* layout: <same size as paper>
* layoutoffset:(h,v)=(0.0pt,0.0pt)
* modes: twoside 
* h-part:(L,W,R)=(71.13188pt, 455.24411pt, 71.13188pt)
* v-part:(T,H,B)=(71.13188pt, 702.78308pt, 71.13188pt)
* \paperwidth=597.50787pt
* \paperheight=845.04684pt
* \textwidth=455.24411pt
* \textheight=702.78308pt
* \oddsidemargin=-1.1381pt
* \evensidemargin=-1.1381pt
* \topmargin=-31.2056pt
* \headheight=12.0pt
* \headsep=18.06749pt
* \topskip=10.0pt
* \footskip=25.29494pt
* \marginparwidth=125.0pt
* \marginparsep=7.0pt
* \columnsep=10.0pt
* \skip\footins=9.0pt plus 4.0pt minus 2.0pt
* \hoffset=0.0pt
* \voffset=0.0pt
* \mag=1000
* \@twocolumnfalse
* \@twosidetrue
* \@mparswitchtrue
* \@reversemarginfalse
* (1in=72.27pt=25.4mm, 1cm=28.453pt)

Package hyperref Info: Link coloring ON on input line 183.
(/usr/share/texlive/texmf-dist/tex/latex/hyperref/nameref.sty
Package: nameref 2021-04-02 v2.47 Cross-referencing by name of section

(/usr/share/texlive/texmf-dist/tex/latex/refcount/refcount.sty
Package: refcount 2019/12/15 v3.6 Data extraction from label references (HO)
)
(/usr/share/texlive/texmf-dist/tex/generic/gettitlestring/gettitlestring.sty
Package: gettitlestring 2019/12/15 v1.6 Cleanup title references (HO)
)
\c@section@level=\count348
)
LaTeX Info: Redefining \ref on input line 183.
LaTeX Info: Redefining \pageref on input line 183.
LaTeX Info: Redefining \nameref on input line 183.

(./refman.out) (./refman.out)
\@outlinefile=\write5
\openout5 = `refman.out'.

Package backref Info: ** backref set up for natbib ** on input line 183.
Package caption Info: Begin \AtBeginDocument code.
Package caption Info: End \AtBeginDocument code.
\Etoc@tf=\read4
Package hyperref Info: Option `pageanchor' set `false' on input line 191.
Package hyperref Info: Option `bookmarksnumbered' set `true' on input line 191.

Package hyperref Info: Option `unicode' set `true' on input line 191.
LaTeX Font Info:    Font shape `T1/phv/m/n' will be
(Font)              scaled to size 12.9599pt on input line 196.
LaTeX Font Info:    Font shape `T1/phv/m/n' will be
(Font)              scaled to size 10.79993pt on input line 198.
 [1


{/var/lib/texmf/fonts/map/pdftex/updmap/pdftex.map}] [2

]
\tf@toc=\write6
\openout6 = `refman.toc'.

LaTeX Font Info:    Font shape `T1/phv/b/n' will be
(Font)              scaled to size 8.99994pt on input line 204.
LaTeX Font Info:    Trying to load font information for U+msa on input line 204
.
 (/usr/share/texlive/texmf-dist/tex/latex/amsfonts/umsa.fd
File: umsa.fd 2013/01/14 v3.01 AMS symbols A
)
LaTeX Font Info:    Trying to load font information for U+msb on input line 204
.

(/usr/share/texlive/texmf-dist/tex/latex/amsfonts/umsb.fd
File: umsb.fd 2013/01/14 v3.01 AMS symbols B
)
LaTeX Font Info:    Trying to load font information for U+wasy on input line 20
4.

(/usr/share/texlive/texmf-dist/tex/latex/wasysym/uwasy.fd
File: uwasy.fd 2020/01/19 v2.4 Wasy-2 symbol font definitions
)
LaTeX Font Info:    Font shape `T1/phv/m/n' will be
(Font)              scaled to size 6.29996pt on input line 204.
LaTeX Font Info:    Font shape `T1/phv/b/n' will be
(Font)              scaled to size 6.29996pt on input line 204.
 [1]
LaTeX Font Info:    Font shape `T1/phv/m/n' will be
(Font)              scaled to size 7.19995pt on input line 204.
LaTeX Font Info:    Trying to load font information for T1+pcr on input line 20
4.

(/usr/share/texlive/texmf-dist/tex/latex/psnfss/t1pcr.fd
File: t1pcr.fd 2001/06/04 font definitions for T1/pcr.
) [2] [3] [4] [5]
[6] [7] [8] [9] [10] [11] [12] [13] [14] [15] [16]
Package hyperref Info: Option `pageanchor' set `true' on input line 207.
 (./md_README.tex
Chapter 1.
LaTeX Font Info:    Font shape `T1/phv/m/n' will be
(Font)              scaled to size 18.66588pt on input line 1.
LaTeX Font Info:    Font shape `T1/phv/b/n' will be
(Font)              scaled to size 18.66588pt on input line 1.
LaTeX Font Info:    Font shape `T1/phv/b/n' will be
(Font)              scaled to size 22.39185pt on input line 1.
LaTeX Font Info:    Font shape `T1/phv/b/n' will be
(Font)              scaled to size 12.9599pt on input line 9.

Underfull \hbox (badness 10000) in paragraph at lines 15--16

 []

LaTeX Font Info:    Trying to load font information for TS1+phv on input line 1
8.
(/usr/share/texlive/texmf-dist/tex/latex/psnfss/ts1phv.fd
File: ts1phv.fd 2020/03/25 scalable font definitions for TS1/phv.
)
LaTeX Font Info:    Font shape `TS1/phv/m/n' will be
(Font)              scaled to size 8.99994pt on input line 18.

Underfull \hbox (badness 10000) in paragraph at lines 26--27

 []

) [1


] [2

]
Chapter 2.
(./hierarchy.tex [3] [4]) [5] [6

]
Chapter 3.
(./annotated.tex [7] [8]) [9] [10

]
Chapter 4.
(./files.tex) [11] [12

]
Chapter 5.
(./classAndCondition.tex <./classAndCondition__inherit__graph.pdf>
<classAndCondition__inherit__graph.pdf, id=3792, 154.5775pt x 155.58125pt>
File: classAndCondition__inherit__graph.pdf Graphic file (type pdf)
<use classAndCondition__inherit__graph.pdf>
Package pdftex.def Info: classAndCondition__inherit__graph.pdf  used on input l
ine 10.
(pdftex.def)             Requested size: 154.0pt x 155.01347pt.
 <./classAndCondition__coll__graph.pdf>
<classAndCondition__coll__graph.pdf, id=3800, 154.5775pt x 155.58125pt>
File: classAndCondition__coll__graph.pdf Graphic file (type pdf)
<use classAndCondition__coll__graph.pdf>
Package pdftex.def Info: classAndCondition__coll__graph.pdf  used on input line
 20.
(pdftex.def)             Requested size: 154.0pt x 155.01347pt.
LaTeX Font Info:    Font shape `T1/phv/b/n' will be
(Font)              scaled to size 10.79993pt on input line 31.
 [13]) (./classAsync.tex <./classAsync__inherit__graph.pdf>
<classAsync__inherit__graph.pdf, id=3829, 161.60374pt x 155.58125pt>
File: classAsync__inherit__graph.pdf Graphic file (type pdf)
<use classAsync__inherit__graph.pdf>
Package pdftex.def Info: classAsync__inherit__graph.pdf  used on input line 19.

(pdftex.def)             Requested size: 161.0pt x 155.00873pt.
 <./classAsync__coll__graph.pdf>
<classAsync__coll__graph.pdf, id=3837, 174.6525pt x 222.8325pt>
File: classAsync__coll__graph.pdf Graphic file (type pdf)
<use classAsync__coll__graph.pdf>
Package pdftex.def Info: classAsync__coll__graph.pdf  used on input line 29.
(pdftex.def)             Requested size: 174.0pt x 222.01251pt.
 [14] [15]
LaTeX Font Info:    Font shape `T1/phv/bc/n' will be
(Font)              scaled to size 8.99994pt on input line 74.

Underfull \hbox (badness 10000) detected at line 74
[][][]
 []

) (./classAutoChooser.tex <./classAutoChooser__inherit__graph.pdf>
<classAutoChooser__inherit__graph.pdf, id=3881, 152.57pt x 155.58125pt>
File: classAutoChooser__inherit__graph.pdf Graphic file (type pdf)
<use classAutoChooser__inherit__graph.pdf>
Package pdftex.def Info: classAutoChooser__inherit__graph.pdf  used on input li
ne 14.
(pdftex.def)             Requested size: 152.0pt x 155.00635pt.
 <./classAutoChooser__coll__graph.pdf>
<classAutoChooser__coll__graph.pdf, id=3889, 152.57pt x 155.58125pt>
File: classAutoChooser__coll__graph.pdf Graphic file (type pdf)
<use classAutoChooser__coll__graph.pdf>
Package pdftex.def Info: classAutoChooser__coll__graph.pdf  used on input line 
24.
(pdftex.def)             Requested size: 152.0pt x 155.00635pt.
 [16]
LaTeX Font Info:    Font shape `T1/phv/m/n' will be
(Font)              scaled to size 8.09995pt on input line 38.
LaTeX Font Info:    Font shape `T1/phv/m/it' in size <9> not available
(Font)              Font shape `T1/phv/m/sl' tried instead on input line 38.
LaTeX Font Info:    Font shape `T1/phv/m/sl' will be
(Font)              scaled to size 8.09995pt on input line 38.
LaTeX Font Info:    Font shape `TS1/phv/m/it' in size <9> not available
(Font)              Font shape `TS1/phv/m/sl' tried instead on input line 38.
LaTeX Font Info:    Font shape `TS1/phv/m/sl' will be
(Font)              scaled to size 8.09995pt on input line 38.
LaTeX Font Info:    Font shape `T1/pcr/m/it' in size <8> not available
(Font)              Font shape `T1/pcr/m/sl' tried instead on input line 69.
LaTeX Font Info:    Font shape `T1/pcr/m/it' in size <7> not available
(Font)              Font shape `T1/pcr/m/sl' tried instead on input line 83.
 [17]
Underfull \hbox (badness 10000) detected at line 106
[][][]
 []

[18]) (./classAutoCommand.tex <./classAutoCommand__inherit__graph.pdf>
<classAutoCommand__inherit__graph.pdf, id=3945, 361.35pt x 916.42375pt>
File: classAutoCommand__inherit__graph.pdf Graphic file (type pdf)
<use classAutoCommand__inherit__graph.pdf>
Package pdftex.def Info: classAutoCommand__inherit__graph.pdf  used on input li
ne 10.
(pdftex.def)             Requested size: 216.87784pt x 550.0pt.
 [19] <./classAutoCommand__coll__graph.pdf>
<classAutoCommand__coll__graph.pdf, id=3958, 174.6525pt x 166.6225pt>
File: classAutoCommand__coll__graph.pdf Graphic file (type pdf)
<use classAutoCommand__coll__graph.pdf>
Package pdftex.def Info: classAutoCommand__coll__graph.pdf  used on input line 
20.
(pdftex.def)             Requested size: 174.0pt x 166.00935pt.
 [20]
Underfull \hbox (badness 1314) in paragraph at lines 61--62
[]\T1/phv/m/n/10 Reimplemented in [], [], [], [], [], [],
 []


Underfull \hbox (badness 10000) detected at line 69
[][][]
 []


Underfull \hbox (badness 1917) in paragraph at lines 74--75
[]\T1/phv/m/n/10 Reimplemented in [], [], [], [], [], [], [],
 []


Underfull \hbox (badness 10000) in paragraph at lines 74--75
[]\T1/phv/m/n/10 , [], [], [], [],
 []


Overfull \hbox (21.88966pt too wide) in paragraph at lines 74--75
[]\T1/phv/m/n/10 , [], [], [], [],
 []


Overfull \hbox (74.02571pt too wide) in paragraph at lines 74--75
[]\T1/phv/m/n/10 , [], [], [], and []. 
 []

[21]) (./classBangBang.tex <./classBangBang__inherit__graph.pdf>
<classBangBang__inherit__graph.pdf, id=4034, 141.52875pt x 155.58125pt>
File: classBangBang__inherit__graph.pdf Graphic file (type pdf)
<use classBangBang__inherit__graph.pdf>
Package pdftex.def Info: classBangBang__inherit__graph.pdf  used on input line 
10.
(pdftex.def)             Requested size: 141.0pt x 155.01347pt.
 <./classBangBang__coll__graph.pdf>
<classBangBang__coll__graph.pdf, id=4042, 141.52875pt x 155.58125pt>
File: classBangBang__coll__graph.pdf Graphic file (type pdf)
<use classBangBang__coll__graph.pdf>
Package pdftex.def Info: classBangBang__coll__graph.pdf  used on input line 20.

(pdftex.def)             Requested size: 141.0pt x 155.01347pt.
 [22]
Underfull \hbox (badness 10000) detected at line 48
[][][]
 []


Overfull \vbox (40.99107pt too high) has occurred while \output is active []


[23]
Underfull \hbox (badness 10000) detected at line 84
[][][]
 []


Underfull \hbox (badness 10000) detected at line 123
[][][]
 []

) (./classBasicSolenoidSet.tex [24] <./classBasicSolenoidSet__inherit__graph.pd
f>
<classBasicSolenoidSet__inherit__graph.pdf, id=4113, 173.64874pt x 155.58125pt>

File: classBasicSolenoidSet__inherit__graph.pdf Graphic file (type pdf)
<use classBasicSolenoidSet__inherit__graph.pdf>
Package pdftex.def Info: classBasicSolenoidSet__inherit__graph.pdf  used on inp
ut line 14.
(pdftex.def)             Requested size: 173.0pt x 155.00635pt.
 <./classBasicSolenoidSet__coll__graph.pdf>
<classBasicSolenoidSet__coll__graph.pdf, id=4121, 180.675pt x 222.8325pt>
File: classBasicSolenoidSet__coll__graph.pdf Graphic file (type pdf)
<use classBasicSolenoidSet__coll__graph.pdf>
Package pdftex.def Info: classBasicSolenoidSet__coll__graph.pdf  used on input 
line 24.
(pdftex.def)             Requested size: 180.0pt x 222.00232pt.
 [25]
Underfull \hbox (badness 10000) detected at line 92
[][][]
 []

) (./classBasicSpinCommand.tex [26] <./classBasicSpinCommand__inherit__graph.pd
f>
<classBasicSpinCommand__inherit__graph.pdf, id=4168, 185.69376pt x 155.58125pt>

File: classBasicSpinCommand__inherit__graph.pdf Graphic file (type pdf)
<use classBasicSpinCommand__inherit__graph.pdf>
Package pdftex.def Info: classBasicSpinCommand__inherit__graph.pdf  used on inp
ut line 14.
(pdftex.def)             Requested size: 185.0pt x 155.00397pt.
 <./classBasicSpinCommand__coll__graph.pdf>
<classBasicSpinCommand__coll__graph.pdf, id=4176, 186.6975pt x 222.8325pt>
File: classBasicSpinCommand__coll__graph.pdf Graphic file (type pdf)
<use classBasicSpinCommand__coll__graph.pdf>
Package pdftex.def Info: classBasicSpinCommand__coll__graph.pdf  used on input 
line 24.
(pdftex.def)             Requested size: 186.0pt x 222.00911pt.
 [27] [28]
Underfull \hbox (badness 10000) detected at line 117
[][][]
 []

) (./classBasicStopCommand.tex <./classBasicStopCommand__inherit__graph.pdf>
<classBasicStopCommand__inherit__graph.pdf, id=4225, 185.69376pt x 155.58125pt>

File: classBasicStopCommand__inherit__graph.pdf Graphic file (type pdf)
<use classBasicStopCommand__inherit__graph.pdf>
Package pdftex.def Info: classBasicStopCommand__inherit__graph.pdf  used on inp
ut line 14.
(pdftex.def)             Requested size: 185.0pt x 155.00397pt.
 <./classBasicStopCommand__coll__graph.pdf>
<classBasicStopCommand__coll__graph.pdf, id=4233, 186.6975pt x 222.8325pt>
File: classBasicStopCommand__coll__graph.pdf Graphic file (type pdf)
<use classBasicStopCommand__coll__graph.pdf>
Package pdftex.def Info: classBasicStopCommand__coll__graph.pdf  used on input 
line 24.
(pdftex.def)             Requested size: 186.0pt x 222.00911pt.
 [29] [30]
Underfull \hbox (badness 10000) detected at line 100
[][][]
 []

) (./classBranch.tex <./classBranch__inherit__graph.pdf>
<classBranch__inherit__graph.pdf, id=4277, 161.60374pt x 155.58125pt>
File: classBranch__inherit__graph.pdf Graphic file (type pdf)
<use classBranch__inherit__graph.pdf>
Package pdftex.def Info: classBranch__inherit__graph.pdf  used on input line 19
.
(pdftex.def)             Requested size: 161.0pt x 155.00873pt.
 [31] <./classBranch__coll__graph.pdf>
<classBranch__coll__graph.pdf, id=4291, 174.6525pt x 222.8325pt>
File: classBranch__coll__graph.pdf Graphic file (type pdf)
<use classBranch__coll__graph.pdf>
Package pdftex.def Info: classBranch__coll__graph.pdf  used on input line 29.
(pdftex.def)             Requested size: 174.0pt x 222.01251pt.
 [32]
Underfull \hbox (badness 10000) detected at line 84
[][][]
 []

) (./structscreen_1_1ButtonConfig.tex) (./classscreen_1_1ButtonWidget.tex
[33]
LaTeX Font Info:    Font shape `T1/phv/b/n' will be
(Font)              scaled to size 7.19995pt on input line 33.

Overfull \vbox (24.44531pt too high) has occurred while \output is active []


[34]
Underfull \hbox (badness 10000) detected at line 90
[][][]
 []

) (./structscreen_1_1CheckboxConfig.tex) (./classCommandController.tex [35]
[36]
Overfull \vbox (16.07358pt too high) has occurred while \output is active []


[37]
Underfull \hbox (badness 10000) detected at line 138
[][][]
 []

) (./classCondition.tex <./classCondition__inherit__graph.pdf>
<classCondition__inherit__graph.pdf, id=4419, 579.16376pt x 155.58125pt>
File: classCondition__inherit__graph.pdf Graphic file (type pdf)
<use classCondition__inherit__graph.pdf>
Package pdftex.def Info: classCondition__inherit__graph.pdf  used on input line
 14.
(pdftex.def)             Requested size: 350.0pt x 94.02129pt.
 [38])
(./classCustomEncoder.tex <./classCustomEncoder__inherit__graph.pdf>
<classCustomEncoder__inherit__graph.pdf, id=4440, 165.61874pt x 155.58125pt>
File: classCustomEncoder__inherit__graph.pdf Graphic file (type pdf)
<use classCustomEncoder__inherit__graph.pdf>
Package pdftex.def Info: classCustomEncoder__inherit__graph.pdf  used on input 
line 14.
(pdftex.def)             Requested size: 165.0pt x 155.00635pt.
 <./classCustomEncoder__coll__graph.pdf>
<classCustomEncoder__coll__graph.pdf, id=4448, 165.61874pt x 155.58125pt>
File: classCustomEncoder__coll__graph.pdf Graphic file (type pdf)
<use classCustomEncoder__coll__graph.pdf>
Package pdftex.def Info: classCustomEncoder__coll__graph.pdf  used on input lin
e 24.
(pdftex.def)             Requested size: 165.0pt x 155.00635pt.
 [39] [40]
Underfull \hbox (badness 10000) detected at line 75
[][][]
 []


Underfull \hbox (badness 10000) detected at line 89
[][][]
 []

[41]
Underfull \hbox (badness 10000) detected at line 129
[][][]
 []

) (./classDelayCommand.tex <./classDelayCommand__inherit__graph.pdf>
<classDelayCommand__inherit__graph.pdf, id=4494, 164.615pt x 155.58125pt>
File: classDelayCommand__inherit__graph.pdf Graphic file (type pdf)
<use classDelayCommand__inherit__graph.pdf>
Package pdftex.def Info: classDelayCommand__inherit__graph.pdf  used on input l
ine 14.
(pdftex.def)             Requested size: 164.0pt x 155.00397pt.
 <./classDelayCommand__coll__graph.pdf>
<classDelayCommand__coll__graph.pdf, id=4502, 175.65625pt x 222.8325pt>
File: classDelayCommand__coll__graph.pdf Graphic file (type pdf)
<use classDelayCommand__coll__graph.pdf>
Package pdftex.def Info: classDelayCommand__coll__graph.pdf  used on input line
 24.
(pdftex.def)             Requested size: 175.0pt x 222.01591pt.
 [42] [43] [44]
Underfull \hbox (badness 10000) detected at line 82
[][][]
 []

) (./classDriveForwardCommand.tex <./classDriveForwardCommand__inherit__graph.p
df>
<classDriveForwardCommand__inherit__graph.pdf, id=4551, 198.7425pt x 155.58125p
t>
File: classDriveForwardCommand__inherit__graph.pdf Graphic file (type pdf)
<use classDriveForwardCommand__inherit__graph.pdf>
Package pdftex.def Info: classDriveForwardCommand__inherit__graph.pdf  used on 
input line 14.
(pdftex.def)             Requested size: 198.0pt x 155.00397pt.
 <./classDriveForwardCommand__coll__graph.pdf>
<classDriveForwardCommand__coll__graph.pdf, id=4559, 198.7425pt x 222.8325pt>
File: classDriveForwardCommand__coll__graph.pdf Graphic file (type pdf)
<use classDriveForwardCommand__coll__graph.pdf>
Package pdftex.def Info: classDriveForwardCommand__coll__graph.pdf  used on inp
ut line 24.
(pdftex.def)             Requested size: 198.0pt x 222.0057pt.
 [45] [46] [47]
Underfull \hbox (badness 10000) detected at line 118
[][][]
 []

) (./classDriveStopCommand.tex <./classDriveStopCommand__inherit__graph.pdf>
<classDriveStopCommand__inherit__graph.pdf, id=4617, 183.68625pt x 155.58125pt>

File: classDriveStopCommand__inherit__graph.pdf Graphic file (type pdf)
<use classDriveStopCommand__inherit__graph.pdf>
Package pdftex.def Info: classDriveStopCommand__inherit__graph.pdf  used on inp
ut line 14.
(pdftex.def)             Requested size: 183.0pt x 155.0111pt.
 <./classDriveStopCommand__coll__graph.pdf>
<classDriveStopCommand__coll__graph.pdf, id=4625, 185.69376pt x 222.8325pt>
File: classDriveStopCommand__coll__graph.pdf Graphic file (type pdf)
<use classDriveStopCommand__coll__graph.pdf>
Package pdftex.def Info: classDriveStopCommand__coll__graph.pdf  used on input 
line 24.
(pdftex.def)             Requested size: 185.0pt x 222.0057pt.
 [48] [49]
Underfull \hbox (badness 10000) detected at line 92
[][][]
 []


Underfull \hbox (badness 10000) detected at line 95
[][][]
 []

) (./classDriveToPointCommand.tex <./classDriveToPointCommand__inherit__graph.p
df>
<classDriveToPointCommand__inherit__graph.pdf, id=4671, 197.73875pt x 155.58125
pt>
File: classDriveToPointCommand__inherit__graph.pdf Graphic file (type pdf)
<use classDriveToPointCommand__inherit__graph.pdf>
Package pdftex.def Info: classDriveToPointCommand__inherit__graph.pdf  used on 
input line 14.
(pdftex.def)             Requested size: 197.0pt x 155.0016pt.
 <./classDriveToPointCommand__coll__graph.pdf>
<classDriveToPointCommand__coll__graph.pdf, id=4679, 197.73875pt x 222.8325pt>
File: classDriveToPointCommand__coll__graph.pdf Graphic file (type pdf)
<use classDriveToPointCommand__coll__graph.pdf>
Package pdftex.def Info: classDriveToPointCommand__coll__graph.pdf  used on inp
ut line 24.
(pdftex.def)             Requested size: 197.0pt x 222.00232pt.
 [50] [51] [52]
Underfull \hbox (badness 10000) detected at line 111
[][][]
 []

) (./structAutoChooser_1_1entry__t.tex <./structAutoChooser_1_1entry__t__coll__
graph.pdf>
<structAutoChooser_1_1entry__t__coll__graph.pdf, id=4738, 186.6975pt x 244.915p
t>
File: structAutoChooser_1_1entry__t__coll__graph.pdf Graphic file (type pdf)
<use structAutoChooser_1_1entry__t__coll__graph.pdf>
Package pdftex.def Info: structAutoChooser_1_1entry__t__coll__graph.pdf  used o
n input line 14.
(pdftex.def)             Requested size: 186.0pt x 244.01pt.
) (./classExponentialMovingAverage.tex [53] <./classExponentialMovingAverage__i
nherit__graph.pdf>
<classExponentialMovingAverage__inherit__graph.pdf, id=4758, 213.79875pt x 155.
58125pt>
File: classExponentialMovingAverage__inherit__graph.pdf Graphic file (type pdf)

<use classExponentialMovingAverage__inherit__graph.pdf>
Package pdftex.def Info: classExponentialMovingAverage__inherit__graph.pdf  use
d on input line 14.
(pdftex.def)             Requested size: 213.0pt x 154.99922pt.
 <./classExponentialMovingAverage__coll__graph.pdf>
<classExponentialMovingAverage__coll__graph.pdf, id=4766, 213.79875pt x 155.581
25pt>
File: classExponentialMovingAverage__coll__graph.pdf Graphic file (type pdf)
<use classExponentialMovingAverage__coll__graph.pdf>
Package pdftex.def Info: classExponentialMovingAverage__coll__graph.pdf  used o
n input line 24.
(pdftex.def)             Requested size: 213.0pt x 154.99922pt.
[54] [55]
Underfull \hbox (badness 10000) detected at line 102
[][][]
 []


Underfull \hbox (badness 10000) detected at line 111
[][][]
 []


Underfull \hbox (badness 10000) detected at line 114
[][][]
 []

) (./classFeedback.tex <./classFeedback__inherit__graph.pdf>
<classFeedback__inherit__graph.pdf, id=4803, 457.71pt x 155.58125pt>
File: classFeedback__inherit__graph.pdf Graphic file (type pdf)
<use classFeedback__inherit__graph.pdf>
Package pdftex.def Info: classFeedback__inherit__graph.pdf  used on input line 
14.
(pdftex.def)             Requested size: 350.0pt x 118.97415pt.
 [56]
Underfull \hbox (badness 10000) detected at line 35
[][][]
 []


Underfull \hbox (badness 10000) detected at line 38
[][][]
 []


Underfull \hbox (badness 10000) detected at line 50
[][][]
 []

[57]
Underfull \hbox (badness 10000) detected at line 86
[][][]
 []

[58]
Underfull \hbox (badness 10000) detected at line 125
[][][]
 []

) (./classFeedForward.tex
Underfull \hbox (badness 2865) in paragraph at lines 30--31
[]\T1/phv/m/n/10 For in-for-ma-tion about tun-ing feed-for-ward, I rec-c-om-men
d look-ing at this post[]: [][] \T1/pcr/m/n/10 https[]://www.[]
 []


Underfull \hbox (badness 10000) detected at line 32
[][][]
 []


Underfull \hbox (badness 10000) detected at line 35
[][][]
 []

[59]
Underfull \hbox (badness 10000) detected at line 74
[][][]
 []

) (./structFeedForward_1_1ff__config__t.tex [60]) (./classFilter.tex <./classFi
lter__inherit__graph.pdf>
<classFilter__inherit__graph.pdf, id=4917, 315.1775pt x 155.58125pt>
File: classFilter__inherit__graph.pdf Graphic file (type pdf)
<use classFilter__inherit__graph.pdf>
Package pdftex.def Info: classFilter__inherit__graph.pdf  used on input line 14
.
(pdftex.def)             Requested size: 314.0pt x 155.00873pt.
 [61]) (./classFlywheel.tex [62]
Underfull \hbox (badness 10000) detected at line 76
[][][]
 []

[63]
Underfull \hbox (badness 10000) detected at line 85
[][][]
 []


Underfull \hbox (badness 10000) detected at line 104
[][][]
 []


Underfull \hbox (badness 10000) detected at line 117
[][][]
 []

[64]
Underfull \hbox (badness 10000) detected at line 171
[][][]
 []

[65]
Underfull \hbox (badness 10000) detected at line 192
[][][]
 []

) (./classFlywheelPage.tex <./classFlywheelPage__inherit__graph.pdf>
<classFlywheelPage__inherit__graph.pdf, id=5010, 157.58875pt x 155.58125pt>
File: classFlywheelPage__inherit__graph.pdf Graphic file (type pdf)
<use classFlywheelPage__inherit__graph.pdf>
Package pdftex.def Info: classFlywheelPage__inherit__graph.pdf  used on input l
ine 10.
(pdftex.def)             Requested size: 157.0pt x 155.00873pt.
 <./classFlywheelPage__coll__graph.pdf>
<classFlywheelPage__coll__graph.pdf, id=5018, 157.58875pt x 155.58125pt>
File: classFlywheelPage__coll__graph.pdf Graphic file (type pdf)
<use classFlywheelPage__coll__graph.pdf>
Package pdftex.def Info: classFlywheelPage__coll__graph.pdf  used on input line
 20.
(pdftex.def)             Requested size: 157.0pt x 155.00873pt.
 [66]
Underfull \hbox (badness 10000) detected at line 48
[][][]
 []


Underfull \hbox (badness 10000) detected at line 61
[][][]
 []

) (./classFlywheelStopCommand.tex [67] <./classFlywheelStopCommand__inherit__gr
aph.pdf>
<classFlywheelStopCommand__inherit__graph.pdf, id=5050, 199.74625pt x 155.58125
pt>
File: classFlywheelStopCommand__inherit__graph.pdf Graphic file (type pdf)
<use classFlywheelStopCommand__inherit__graph.pdf>
Package pdftex.def Info: classFlywheelStopCommand__inherit__graph.pdf  used on 
input line 14.
(pdftex.def)             Requested size: 199.0pt x 155.00873pt.
 <./classFlywheelStopCommand__coll__graph.pdf>
<classFlywheelStopCommand__coll__graph.pdf, id=5058, 199.74625pt x 222.8325pt>
File: classFlywheelStopCommand__coll__graph.pdf Graphic file (type pdf)
<use classFlywheelStopCommand__coll__graph.pdf>
Package pdftex.def Info: classFlywheelStopCommand__coll__graph.pdf  used on inp
ut line 24.
(pdftex.def)             Requested size: 199.0pt x 222.01251pt.
 [68]
Underfull \hbox (badness 10000) detected at line 82
[][][]
 []

) (./classFlywheelStopMotorsCommand.tex <./classFlywheelStopMotorsCommand__inhe
rit__graph.pdf>
<classFlywheelStopMotorsCommand__inherit__graph.pdf, id=5094, 229.85875pt x 155
.58125pt>
File: classFlywheelStopMotorsCommand__inherit__graph.pdf Graphic file (type pdf
)
<use classFlywheelStopMotorsCommand__inherit__graph.pdf>
Package pdftex.def Info: classFlywheelStopMotorsCommand__inherit__graph.pdf  us
ed on input line 14.
(pdftex.def)             Requested size: 229.0pt x 155.00873pt.
 [69] <./classFlywheelStopMotorsCommand__coll__graph.pdf>
<classFlywheelStopMotorsCommand__coll__graph.pdf, id=5111, 229.85875pt x 222.83
25pt>
File: classFlywheelStopMotorsCommand__coll__graph.pdf Graphic file (type pdf)
<use classFlywheelStopMotorsCommand__coll__graph.pdf>
Package pdftex.def Info: classFlywheelStopMotorsCommand__coll__graph.pdf  used 
on input line 24.
(pdftex.def)             Requested size: 229.0pt x 222.01251pt.

[70]
Underfull \hbox (badness 10000) detected at line 82
[][][]
 []

) (./classFlywheelStopNonTasksCommand.tex <./classFlywheelStopNonTasksCommand__
inherit__graph.pdf>
<classFlywheelStopNonTasksCommand__inherit__graph.pdf, id=5146, 244.915pt x 155
.58125pt>
File: classFlywheelStopNonTasksCommand__inherit__graph.pdf Graphic file (type p
df)
<use classFlywheelStopNonTasksCommand__inherit__graph.pdf>
Package pdftex.def Info: classFlywheelStopNonTasksCommand__inherit__graph.pdf  
used on input line 14.
(pdftex.def)             Requested size: 244.0pt x 155.00397pt.
 [71] <./classFlywheelStopNonTasksCommand__coll__graph.pdf>
<classFlywheelStopNonTasksCommand__coll__graph.pdf, id=5162, 244.915pt x 222.83
25pt>
File: classFlywheelStopNonTasksCommand__coll__graph.pdf Graphic file (type pdf)

<use classFlywheelStopNonTasksCommand__coll__graph.pdf>
Package pdftex.def Info: classFlywheelStopNonTasksCommand__coll__graph.pdf  use
d on input line 24.
(pdftex.def)             Requested size: 244.0pt x 222.0057pt.

[72]) (./classFunctionCommand.tex <./classFunctionCommand__inherit__graph.pdf>
<classFunctionCommand__inherit__graph.pdf, id=5191, 178.6675pt x 155.58125pt>
File: classFunctionCommand__inherit__graph.pdf Graphic file (type pdf)
<use classFunctionCommand__inherit__graph.pdf>
Package pdftex.def Info: classFunctionCommand__inherit__graph.pdf  used on inpu
t line 14.
(pdftex.def)             Requested size: 178.0pt x 155.00873pt.
 <./classFunctionCommand__coll__graph.pdf>
<classFunctionCommand__coll__graph.pdf, id=5199, 182.6825pt x 222.8325pt>
File: classFunctionCommand__coll__graph.pdf Graphic file (type pdf)
<use classFunctionCommand__coll__graph.pdf>
Package pdftex.def Info: classFunctionCommand__coll__graph.pdf  used on input l
ine 24.
(pdftex.def)             Requested size: 182.0pt x 222.00911pt.
 [73]
Underfull \hbox (badness 10000) detected at line 69
[][][]
 []

) (./classFunctionCondition.tex <./classFunctionCondition__inherit__graph.pdf>
<classFunctionCondition__inherit__graph.pdf, id=5231, 174.6525pt x 155.58125pt>

File: classFunctionCondition__inherit__graph.pdf Graphic file (type pdf)
<use classFunctionCondition__inherit__graph.pdf>
Package pdftex.def Info: classFunctionCondition__inherit__graph.pdf  used on in
put line 19.
(pdftex.def)             Requested size: 174.0pt x 155.00873pt.

[74] <./classFunctionCondition__coll__graph.pdf>
<classFunctionCondition__coll__graph.pdf, id=5249, 174.6525pt x 155.58125pt>
File: classFunctionCondition__coll__graph.pdf Graphic file (type pdf)
<use classFunctionCondition__coll__graph.pdf>
Package pdftex.def Info: classFunctionCondition__coll__graph.pdf  used on input
 line 29.
(pdftex.def)             Requested size: 174.0pt x 155.00873pt.
 [75])
(./classscreen_1_1FunctionPage.tex <./classscreen_1_1FunctionPage__inherit__gra
ph.pdf>
<classscreen_1_1FunctionPage__inherit__graph.pdf, id=5277, 190.7125pt x 155.581
25pt>
File: classscreen_1_1FunctionPage__inherit__graph.pdf Graphic file (type pdf)
<use classscreen_1_1FunctionPage__inherit__graph.pdf>
Package pdftex.def Info: classscreen_1_1FunctionPage__inherit__graph.pdf  used 
on input line 19.
(pdftex.def)             Requested size: 190.0pt x 155.00635pt.
 <./classscreen_1_1FunctionPage__coll__graph.pdf>
<classscreen_1_1FunctionPage__coll__graph.pdf, id=5285, 190.7125pt x 155.58125p
t>
File: classscreen_1_1FunctionPage__coll__graph.pdf Graphic file (type pdf)
<use classscreen_1_1FunctionPage__coll__graph.pdf>
Package pdftex.def Info: classscreen_1_1FunctionPage__coll__graph.pdf  used on 
input line 29.
(pdftex.def)             Requested size: 190.0pt x 155.00635pt.
 [76]
Overfull \hbox (1.47571pt too wide) in paragraph at lines 1--1
[]\T1/phv/m/sl/10 update[] 
 []


Overfull \hbox (1.47571pt too wide) in paragraph at lines 5--5
[]\T1/phv/m/sl/10 update[] 
 []


Underfull \hbox (badness 10000) detected at line 83
[][][]
 []

[77]
Underfull \hbox (badness 10000) detected at line 100
[][][]
 []

) (./classGenericAuto.tex [78]
Underfull \hbox (badness 10000) detected at line 72
[][][]
 []

[79]) (./classGraphDrawer.tex
Overfull \vbox (9.49959pt too high) has occurred while \output is active []


[80]) (./structPurePursuit_1_1hermite__point.tex [81]) (./classIfTimePassed.tex
 <./classIfTimePassed__inherit__graph.pdf>
<classIfTimePassed__inherit__graph.pdf, id=5377, 157.58875pt x 155.58125pt>
File: classIfTimePassed__inherit__graph.pdf Graphic file (type pdf)
<use classIfTimePassed__inherit__graph.pdf>
Package pdftex.def Info: classIfTimePassed__inherit__graph.pdf  used on input l
ine 19.
(pdftex.def)             Requested size: 157.0pt x 155.00873pt.
 <./classIfTimePassed__coll__graph.pdf>
<classIfTimePassed__coll__graph.pdf, id=5385, 157.58875pt x 155.58125pt>
File: classIfTimePassed__coll__graph.pdf Graphic file (type pdf)
<use classIfTimePassed__coll__graph.pdf>
Package pdftex.def Info: classIfTimePassed__coll__graph.pdf  used on input line
 29.
(pdftex.def)             Requested size: 157.0pt x 155.00873pt.
 [82]) (./classInOrder.tex <./classInOrder__inherit__graph.pdf>
<classInOrder__inherit__graph.pdf, id=5412, 161.60374pt x 155.58125pt>
File: classInOrder__inherit__graph.pdf Graphic file (type pdf)
<use classInOrder__inherit__graph.pdf>
Package pdftex.def Info: classInOrder__inherit__graph.pdf  used on input line 1
9.
(pdftex.def)             Requested size: 161.0pt x 155.00873pt.
 <./classInOrder__coll__graph.pdf>
<classInOrder__coll__graph.pdf, id=5421, 174.6525pt x 222.8325pt>
File: classInOrder__coll__graph.pdf Graphic file (type pdf)
<use classInOrder__coll__graph.pdf>
Package pdftex.def Info: classInOrder__coll__graph.pdf  used on input line 29.
(pdftex.def)             Requested size: 174.0pt x 222.01251pt.
 [83] [84]
Underfull \hbox (badness 10000) detected at line 92
[][][]
 []

) (./structscreen_1_1LabelConfig.tex) (./classLift.tex [85]
Underfull \hbox (badness 10000) detected at line 48
[][][]
 []

[86]
Overfull \vbox (19.19496pt too high) has occurred while \output is active []


[87]
Underfull \hbox (badness 10000) detected at line 136
[][][]
 []


Underfull \hbox (badness 10000) detected at line 146
[][][]
 []

[88]
Underfull \hbox (badness 10000) detected at line 189
[][][]
 []


Overfull \vbox (9.39053pt too high) has occurred while \output is active []


[89]
Underfull \hbox (badness 10000) detected at line 225
[][][]
 []

) (./structLift_1_1lift__cfg__t.tex <./structLift_1_1lift__cfg__t__coll__graph.
pdf>
<structLift_1_1lift__cfg__t__coll__graph.pdf, id=5561, 177.66376pt x 166.6225pt
>
File: structLift_1_1lift__cfg__t__coll__graph.pdf Graphic file (type pdf)
<use structLift_1_1lift__cfg__t__coll__graph.pdf>
Package pdftex.def Info: structLift_1_1lift__cfg__t__coll__graph.pdf  used on i
nput line 14.
(pdftex.def)             Requested size: 177.0pt x 166.00426pt.
) (./classLogger.tex [90] [91] [92])
(./structMotionController_1_1m__profile__cfg__t.tex <./structMotionController_1
_1m__profile__cfg__t__coll__graph.pdf>
<structMotionController_1_1m__profile__cfg__t__coll__graph.pdf, id=5627, 309.15
5pt x 177.66376pt>
File: structMotionController_1_1m__profile__cfg__t__coll__graph.pdf Graphic fil
e (type pdf)
<use structMotionController_1_1m__profile__cfg__t__coll__graph.pdf>
Package pdftex.def Info: structMotionController_1_1m__profile__cfg__t__coll__gr
aph.pdf  used on input line 14.
(pdftex.def)             Requested size: 308.0pt x 177.0154pt.
 [93]) (./structMat2.tex [94])
(./classMecanumDrive.tex [95]
Underfull \hbox (badness 10000) detected at line 72
[][][]
 []


Overfull \vbox (33.81105pt too high) has occurred while \output is active []


[96]
Underfull \hbox (badness 10000) detected at line 90
[][][]
 []


Underfull \hbox (badness 10000) detected at line 102
[][][]
 []

[97]) (./structMecanumDrive_1_1mecanumdrive__config__t.tex <./structMecanumDriv
e_1_1mecanumdrive__config__t__coll__graph.pdf>
<structMecanumDrive_1_1mecanumdrive__config__t__coll__graph.pdf, id=5710, 243.9
1125pt x 200.75pt>
File: structMecanumDrive_1_1mecanumdrive__config__t__coll__graph.pdf Graphic fi
le (type pdf)
<use structMecanumDrive_1_1mecanumdrive__config__t__coll__graph.pdf>
Package pdftex.def Info: structMecanumDrive_1_1mecanumdrive__config__t__coll__g
raph.pdf  used on input line 14.
(pdftex.def)             Requested size: 243.0pt x 200.00208pt.
 [98]) (./structmotion__t.tex)
(./classMotionController.tex <./classMotionController__inherit__graph.pdf>
<classMotionController__inherit__graph.pdf, id=5744, 167.62625pt x 155.58125pt>

File: classMotionController__inherit__graph.pdf Graphic file (type pdf)
<use classMotionController__inherit__graph.pdf>
Package pdftex.def Info: classMotionController__inherit__graph.pdf  used on inp
ut line 14.
(pdftex.def)             Requested size: 167.0pt x 154.99922pt.
 <./classMotionController__coll__graph.pdf>
<classMotionController__coll__graph.pdf, id=5752, 167.62625pt x 155.58125pt>
File: classMotionController__coll__graph.pdf Graphic file (type pdf)
<use classMotionController__coll__graph.pdf>
Package pdftex.def Info: classMotionController__coll__graph.pdf  used on input 
line 24.
(pdftex.def)             Requested size: 167.0pt x 154.99922pt.
 [99] [100]
Underfull \hbox (badness 10000) detected at line 76
[][][]
 []


Underfull \hbox (badness 10000) detected at line 79
[][][]
 []


Underfull \hbox (badness 10000) detected at line 109
[][][]
 []

[101]
Underfull \hbox (badness 10000) detected at line 122
[][][]
 []


Underfull \hbox (badness 10000) detected at line 156
[][][]
 []

[102]
Underfull \hbox (badness 10000) detected at line 214
[][][]
 []

[103]
Underfull \hbox (badness 10000) detected at line 232
[][][]
 []

) (./classMotionControllerPage.tex <./classMotionControllerPage__inherit__graph
.pdf>
<classMotionControllerPage__inherit__graph.pdf, id=5837, 189.70876pt x 155.5812
5pt>
File: classMotionControllerPage__inherit__graph.pdf Graphic file (type pdf)
<use classMotionControllerPage__inherit__graph.pdf>
Package pdftex.def Info: classMotionControllerPage__inherit__graph.pdf  used on
 input line 10.
(pdftex.def)             Requested size: 189.0pt x 155.00397pt.
 <./classMotionControllerPage__coll__graph.pdf>
<classMotionControllerPage__coll__graph.pdf, id=5845, 189.70876pt x 155.58125pt
>
File: classMotionControllerPage__coll__graph.pdf Graphic file (type pdf)
<use classMotionControllerPage__coll__graph.pdf>
Package pdftex.def Info: classMotionControllerPage__coll__graph.pdf  used on in
put line 20.
(pdftex.def)             Requested size: 189.0pt x 155.00397pt.
 [104])
(./classMovingAverage.tex [105] <./classMovingAverage__inherit__graph.pdf>
<classMovingAverage__inherit__graph.pdf, id=5876, 164.615pt x 155.58125pt>
File: classMovingAverage__inherit__graph.pdf Graphic file (type pdf)
<use classMovingAverage__inherit__graph.pdf>
Package pdftex.def Info: classMovingAverage__inherit__graph.pdf  used on input 
line 14.
(pdftex.def)             Requested size: 164.0pt x 155.00397pt.
 <./classMovingAverage__coll__graph.pdf>
<classMovingAverage__coll__graph.pdf, id=5884, 164.615pt x 155.58125pt>
File: classMovingAverage__coll__graph.pdf Graphic file (type pdf)
<use classMovingAverage__coll__graph.pdf>
Package pdftex.def Info: classMovingAverage__coll__graph.pdf  used on input lin
e 24.
(pdftex.def)             Requested size: 164.0pt x 155.00397pt.
 [106] [107]
Underfull \hbox (badness 10000) detected at line 102
[][][]
 []


Underfull \hbox (badness 10000) detected at line 111
[][][]
 []


Underfull \hbox (badness 10000) detected at line 114
[][][]
 []

) (./classOdometry3Wheel.tex <./classOdometry3Wheel__inherit__graph.pdf>
<classOdometry3Wheel__inherit__graph.pdf, id=5922, 170.6375pt x 155.58125pt>
File: classOdometry3Wheel__inherit__graph.pdf Graphic file (type pdf)
<use classOdometry3Wheel__inherit__graph.pdf>
Package pdftex.def Info: classOdometry3Wheel__inherit__graph.pdf  used on input
 line 14.
(pdftex.def)             Requested size: 170.0pt x 155.00873pt.
 <./classOdometry3Wheel__coll__graph.pdf>
<classOdometry3Wheel__coll__graph.pdf, id=5930, 178.6675pt x 233.87375pt>
File: classOdometry3Wheel__coll__graph.pdf Graphic file (type pdf)
<use classOdometry3Wheel__coll__graph.pdf>
Package pdftex.def Info: classOdometry3Wheel__coll__graph.pdf  used on input li
ne 24.
(pdftex.def)             Requested size: 178.0pt x 233.0131pt.
 [108] [109]
Underfull \hbox (badness 10000) detected at line 114
[][][]
 []


Underfull \hbox (badness 10000) detected at line 117
[][][]
 []

[110]
Underfull \hbox (badness 10000) detected at line 172
[][][]
 []

) (./structOdometry3Wheel_1_1odometry3wheel__cfg__t.tex [111])
(./classOdometryBase.tex <./classOdometryBase__inherit__graph.pdf>
<classOdometryBase__inherit__graph.pdf, id=6053, 269.005pt x 155.58125pt>
File: classOdometryBase__inherit__graph.pdf Graphic file (type pdf)
<use classOdometryBase__inherit__graph.pdf>
Package pdftex.def Info: classOdometryBase__inherit__graph.pdf  used on input l
ine 14.
(pdftex.def)             Requested size: 268.0pt x 155.0016pt.
 [112] <./classOdometryBase__coll__graph.pdf>
<classOdometryBase__coll__graph.pdf, id=6069, 174.6525pt x 177.66376pt>
File: classOdometryBase__coll__graph.pdf Graphic file (type pdf)
<use classOdometryBase__coll__graph.pdf>
Package pdftex.def Info: classOdometryBase__coll__graph.pdf  used on input line
 24.
(pdftex.def)             Requested size: 174.0pt x 177.00998pt.
 [113]
Underfull \hbox (badness 10000) detected at line 99
[][][]
 []


Underfull \hbox (badness 10000) detected at line 102
[][][]
 []

[114]
Underfull \hbox (badness 10000) detected at line 137
[][][]
 []


Underfull \hbox (badness 10000) detected at line 152
[][][]
 []


Underfull \hbox (badness 10000) detected at line 161
[][][]
 []

[115]
Underfull \hbox (badness 10000) detected at line 170
[][][]
 []


Underfull \hbox (badness 10000) detected at line 179
[][][]
 []


Underfull \hbox (badness 10000) detected at line 188
[][][]
 []

[116]
Underfull \hbox (badness 10000) detected at line 204
[][][]
 []


Underfull \hbox (badness 10000) detected at line 220
[][][]
 []

[117]
Underfull \hbox (badness 10000) detected at line 251
[][][]
 []


Underfull \hbox (badness 10000) detected at line 260
[][][]
 []

[118]
Underfull \hbox (badness 10000) in paragraph at lines 316--317
\T1/pcr/m/n/8 constexpr [] Odometry[]Base[]::zero[]_[]pos = {.x=0.[]0L, .y=0.[]
0L, .rot=90.[]0L} [inline], [static],
 []

) (./classscreen_1_1OdometryPage.tex <./classscreen_1_1OdometryPage__inherit__g
raph.pdf>
<classscreen_1_1OdometryPage__inherit__graph.pdf, id=6177, 194.7275pt x 155.581
25pt>
File: classscreen_1_1OdometryPage__inherit__graph.pdf Graphic file (type pdf)
<use classscreen_1_1OdometryPage__inherit__graph.pdf>
Package pdftex.def Info: classscreen_1_1OdometryPage__inherit__graph.pdf  used 
on input line 19.
(pdftex.def)             Requested size: 194.0pt x 155.00635pt.
 <./classscreen_1_1OdometryPage__coll__graph.pdf>
<classscreen_1_1OdometryPage__coll__graph.pdf, id=6185, 194.7275pt x 155.58125p
t>
File: classscreen_1_1OdometryPage__coll__graph.pdf Graphic file (type pdf)
<use classscreen_1_1OdometryPage__coll__graph.pdf>
Package pdftex.def Info: classscreen_1_1OdometryPage__coll__graph.pdf  used on 
input line 29.
(pdftex.def)             Requested size: 194.0pt x 155.00635pt.
 [119] [120]
Underfull \hbox (badness 10000) detected at line 77
[][][]
 []


Underfull \hbox (badness 10000) detected at line 90
[][][]
 []

) (./classOdometryTank.tex <./classOdometryTank__inherit__graph.pdf>
<classOdometryTank__inherit__graph.pdf, id=6218, 161.60374pt x 155.58125pt>
File: classOdometryTank__inherit__graph.pdf Graphic file (type pdf)
<use classOdometryTank__inherit__graph.pdf>
Package pdftex.def Info: classOdometryTank__inherit__graph.pdf  used on input l
ine 14.
(pdftex.def)             Requested size: 161.0pt x 155.00873pt.
 [121] <./classOdometryTank__coll__graph.pdf>
<classOdometryTank__coll__graph.pdf, id=6232, 174.6525pt x 233.87375pt>
File: classOdometryTank__coll__graph.pdf Graphic file (type pdf)
<use classOdometryTank__coll__graph.pdf>
Package pdftex.def Info: classOdometryTank__coll__graph.pdf  used on input line
 24.
(pdftex.def)             Requested size: 174.0pt x 233.0131pt.

Underfull \hbox (badness 887) in paragraph at lines 32--34
[][] \T1/phv/m/n/10 ([] &left[]_[]custom[]_[]enc, [] &right[]_[]custom[]_[]enc,
 []
 []

[122] [123]
Overfull \vbox (12.2469pt too high) has occurred while \output is active []


[124]
Underfull \hbox (badness 10000) detected at line 185
[][][]
 []

) (./classOdomSetPosition.tex <./classOdomSetPosition__inherit__graph.pdf>
<classOdomSetPosition__inherit__graph.pdf, id=6345, 173.64874pt x 155.58125pt>
File: classOdomSetPosition__inherit__graph.pdf Graphic file (type pdf)
<use classOdomSetPosition__inherit__graph.pdf>
Package pdftex.def Info: classOdomSetPosition__inherit__graph.pdf  used on inpu
t line 14.
(pdftex.def)             Requested size: 173.0pt x 155.00635pt.
 <./classOdomSetPosition__coll__graph.pdf>
<classOdomSetPosition__coll__graph.pdf, id=6353, 180.675pt x 222.8325pt>
File: classOdomSetPosition__coll__graph.pdf Graphic file (type pdf)
<use classOdomSetPosition__coll__graph.pdf>
Package pdftex.def Info: classOdomSetPosition__coll__graph.pdf  used on input l
ine 24.
(pdftex.def)             Requested size: 180.0pt x 222.00232pt.
 [125] [126] [127]
Underfull \hbox (badness 10000) detected at line 91
[][][]
 []

) (./classOrCondition.tex <./classOrCondition__inherit__graph.pdf>
<classOrCondition__inherit__graph.pdf, id=6406, 147.55125pt x 155.58125pt>
File: classOrCondition__inherit__graph.pdf Graphic file (type pdf)
<use classOrCondition__inherit__graph.pdf>
Package pdftex.def Info: classOrCondition__inherit__graph.pdf  used on input li
ne 10.
(pdftex.def)             Requested size: 147.0pt x 155.00397pt.
 <./classOrCondition__coll__graph.pdf>
<classOrCondition__coll__graph.pdf, id=6414, 147.55125pt x 155.58125pt>
File: classOrCondition__coll__graph.pdf Graphic file (type pdf)
<use classOrCondition__coll__graph.pdf>
Package pdftex.def Info: classOrCondition__coll__graph.pdf  used on input line 
20.
(pdftex.def)             Requested size: 147.0pt x 155.00397pt.
 [128]) (./classscreen_1_1Page.tex <./classscreen_1_1Page__inherit__graph.pdf>
<classscreen_1_1Page__inherit__graph.pdf, id=6441, 304.13625pt x 359.3425pt>
File: classscreen_1_1Page__inherit__graph.pdf Graphic file (type pdf)
<use classscreen_1_1Page__inherit__graph.pdf>
Package pdftex.def Info: classscreen_1_1Page__inherit__graph.pdf  used on input
 line 19.
(pdftex.def)             Requested size: 303.0pt x 358.0092pt.
 [129] [130]
Overfull \hbox (24.93999pt too wide) in paragraph at lines 54--55
[]\T1/phv/m/n/10 Reimplemented in [], [], [], [], [],
 []


Overfull \hbox (24.93999pt too wide) in paragraph at lines 77--78
[]\T1/phv/m/n/10 Reimplemented in [], [], [], [], [],
 []

) (./classParallel.tex <./classParallel__inherit__graph.pdf>
<classParallel__inherit__graph.pdf, id=6488, 161.60374pt x 155.58125pt>
File: classParallel__inherit__graph.pdf Graphic file (type pdf)
<use classParallel__inherit__graph.pdf>
Package pdftex.def Info: classParallel__inherit__graph.pdf  used on input line 
19.
(pdftex.def)             Requested size: 161.0pt x 155.00873pt.
 <./classParallel__coll__graph.pdf>
<classParallel__coll__graph.pdf, id=6496, 174.6525pt x 222.8325pt>
File: classParallel__coll__graph.pdf Graphic file (type pdf)
<use classParallel__coll__graph.pdf>
Package pdftex.def Info: classParallel__coll__graph.pdf  used on input line 29.

(pdftex.def)             Requested size: 174.0pt x 222.01251pt.
 [131] [132]
Underfull \hbox (badness 10000) detected at line 84
[][][]
 []

) (./structparallel__runner__info.tex <./structparallel__runner__info__coll__gr
aph.pdf>
<structparallel__runner__info__coll__graph.pdf, id=6545, 183.68625pt x 232.87pt
>
File: structparallel__runner__info__coll__graph.pdf Graphic file (type pdf)
<use structparallel__runner__info__coll__graph.pdf>
Package pdftex.def Info: structparallel__runner__info__coll__graph.pdf  used on
 input line 10.
(pdftex.def)             Requested size: 183.0pt x 232.01662pt.
) (./classPurePursuit_1_1Path.tex [133] [134]) (./classPID.tex <./classPID__inh
erit__graph.pdf>
<classPID__inherit__graph.pdf, id=6586, 139.52126pt x 155.58125pt>
File: classPID__inherit__graph.pdf Graphic file (type pdf)
<use classPID__inherit__graph.pdf>
Package pdftex.def Info: classPID__inherit__graph.pdf  used on input line 14.
(pdftex.def)             Requested size: 139.0pt x 155.00397pt.
 <./classPID__coll__graph.pdf>
<classPID__coll__graph.pdf, id=6594, 246.9225pt x 166.6225pt>
File: classPID__coll__graph.pdf Graphic file (type pdf)
<use classPID__coll__graph.pdf>
Package pdftex.def Info: classPID__coll__graph.pdf  used on input line 24.
(pdftex.def)             Requested size: 246.0pt x 165.99918pt.
 [135]
Underfull \hbox (badness 10000) detected at line 80
[][][]
 []


Underfull \hbox (badness 10000) detected at line 83
[][][]
 []

[136]
Underfull \hbox (badness 10000) detected at line 118
[][][]
 []


Underfull \hbox (badness 10000) detected at line 131
[][][]
 []


Underfull \hbox (badness 10000) detected at line 144
[][][]
 []


Underfull \hbox (badness 10000) detected at line 153
[][][]
 []

[137]
Underfull \hbox (badness 10000) detected at line 185
[][][]
 []

[138]
Underfull \hbox (badness 10000) detected at line 237
[][][]
 []

[139]) (./structPID_1_1pid__config__t.tex) (./classPIDFF.tex <./classPIDFF__inh
erit__graph.pdf>
<classPIDFF__inherit__graph.pdf, id=6733, 139.52126pt x 155.58125pt>
File: classPIDFF__inherit__graph.pdf Graphic file (type pdf)
<use classPIDFF__inherit__graph.pdf>
Package pdftex.def Info: classPIDFF__inherit__graph.pdf  used on input line 10.

(pdftex.def)             Requested size: 139.0pt x 155.00397pt.
 [140] <./classPIDFF__coll__graph.pdf>
<classPIDFF__coll__graph.pdf, id=6753, 246.9225pt x 232.87pt>
File: classPIDFF__coll__graph.pdf Graphic file (type pdf)
<use classPIDFF__coll__graph.pdf>
Package pdftex.def Info: classPIDFF__coll__graph.pdf  used on input line 20.
(pdftex.def)             Requested size: 246.0pt x 231.99884pt.
 [141]
Underfull \hbox (badness 10000) detected at line 67
[][][]
 []

[142]
Underfull \hbox (badness 10000) detected at line 112
[][][]
 []

[143]
Underfull \hbox (badness 10000) detected at line 162
[][][]
 []


Underfull \hbox (badness 10000) detected at line 186
[][][]
 []

) (./classscreen_1_1PIDPage.tex <./classscreen_1_1PIDPage__inherit__graph.pdf>
<classscreen_1_1PIDPage__inherit__graph.pdf, id=6813, 169.63374pt x 155.58125pt
>
File: classscreen_1_1PIDPage__inherit__graph.pdf Graphic file (type pdf)
<use classscreen_1_1PIDPage__inherit__graph.pdf>
Package pdftex.def Info: classscreen_1_1PIDPage__inherit__graph.pdf  used on in
put line 19.
(pdftex.def)             Requested size: 169.0pt x 155.00635pt.

[144] <./classscreen_1_1PIDPage__coll__graph.pdf>
<classscreen_1_1PIDPage__coll__graph.pdf, id=6828, 169.63374pt x 155.58125pt>
File: classscreen_1_1PIDPage__coll__graph.pdf Graphic file (type pdf)
<use classscreen_1_1PIDPage__coll__graph.pdf>
Package pdftex.def Info: classscreen_1_1PIDPage__coll__graph.pdf  used on input
 line 29.
(pdftex.def)             Requested size: 169.0pt x 155.00635pt.
 [145]
Underfull \hbox (badness 10000) detected at line 78
[][][]
 []


Underfull \hbox (badness 10000) detected at line 91
[][][]
 []

) (./structpoint__t.tex [146]
Underfull \hbox (badness 10000) detected at line 57
[][][]
 []

[147]
Underfull \hbox (badness 10000) detected at line 71
[][][]
 []


Underfull \hbox (badness 10000) detected at line 85
[][][]
 []

) (./structpose__t.tex) (./classPurePursuitCommand.tex [148] <./classPurePursui
tCommand__inherit__graph.pdf>
<classPurePursuitCommand__inherit__graph.pdf, id=6919, 191.71625pt x 155.58125p
t>
File: classPurePursuitCommand__inherit__graph.pdf Graphic file (type pdf)
<use classPurePursuitCommand__inherit__graph.pdf>
Package pdftex.def Info: classPurePursuitCommand__inherit__graph.pdf  used on i
nput line 14.
(pdftex.def)             Requested size: 191.0pt x 155.00873pt.
 <./classPurePursuitCommand__coll__graph.pdf>
<classPurePursuitCommand__coll__graph.pdf, id=6927, 191.71625pt x 222.8325pt>
File: classPurePursuitCommand__coll__graph.pdf Graphic file (type pdf)
<use classPurePursuitCommand__coll__graph.pdf>
Package pdftex.def Info: classPurePursuitCommand__coll__graph.pdf  used on inpu
t line 24.
(pdftex.def)             Requested size: 191.0pt x 222.01251pt.

[149] [150]) (./structRect.tex <./structRect__coll__graph.pdf>
<structRect__coll__graph.pdf, id=6975, 125.46875pt x 177.66376pt>
File: structRect__coll__graph.pdf Graphic file (type pdf)
<use structRect__coll__graph.pdf>
Package pdftex.def Info: structRect__coll__graph.pdf  used on input line 10.
(pdftex.def)             Requested size: 125.0pt x 177.00998pt.
 [151])
(./classRepeatUntil.tex <./classRepeatUntil__inherit__graph.pdf>
<classRepeatUntil__inherit__graph.pdf, id=7005, 161.60374pt x 155.58125pt>
File: classRepeatUntil__inherit__graph.pdf Graphic file (type pdf)
<use classRepeatUntil__inherit__graph.pdf>
Package pdftex.def Info: classRepeatUntil__inherit__graph.pdf  used on input li
ne 10.
(pdftex.def)             Requested size: 161.0pt x 155.00873pt.
 <./classRepeatUntil__coll__graph.pdf>
<classRepeatUntil__coll__graph.pdf, id=7013, 174.6525pt x 222.8325pt>
File: classRepeatUntil__coll__graph.pdf Graphic file (type pdf)
<use classRepeatUntil__coll__graph.pdf>
Package pdftex.def Info: classRepeatUntil__coll__graph.pdf  used on input line 
20.
(pdftex.def)             Requested size: 174.0pt x 222.01251pt.
 [152] [153]
Underfull \hbox (badness 10000) detected at line 110
[][][]
 []

) (./structrobot__specs__t.tex <./structrobot__specs__t__coll__graph.pdf>
<structrobot__specs__t__coll__graph.pdf, id=7070, 253.94875pt x 177.66376pt>
File: structrobot__specs__t__coll__graph.pdf Graphic file (type pdf)
<use structrobot__specs__t__coll__graph.pdf>
Package pdftex.def Info: structrobot__specs__t__coll__graph.pdf  used on input 
line 14.
(pdftex.def)             Requested size: 253.0pt x 177.00726pt.

[154]) (./structscreen_1_1ScreenData.tex) (./structscreen_1_1ScreenRect.tex
[155]) (./classSerializer.tex [156]
Underfull \hbox (badness 10000) detected at line 81
[][][]
 []

[157]
Underfull \hbox (badness 10000) detected at line 101
[][][]
 []


Underfull \hbox (badness 10000) detected at line 121
[][][]
 []


Overfull \vbox (2.054pt too high) has occurred while \output is active []

 [158]
[159]
Underfull \hbox (badness 10000) detected at line 219
[][][]
 []

) (./structscreen_1_1SizedWidget.tex <./structscreen_1_1SizedWidget__coll__grap
h.pdf>
<structscreen_1_1SizedWidget__coll__graph.pdf, id=7175, 558.085pt x 285.065pt>
File: structscreen_1_1SizedWidget__coll__graph.pdf Graphic file (type pdf)
<use structscreen_1_1SizedWidget__coll__graph.pdf>
Package pdftex.def Info: structscreen_1_1SizedWidget__coll__graph.pdf  used on 
input line 10.
(pdftex.def)             Requested size: 350.0pt x 178.78284pt.
) (./structSliderCfg.tex) (./structscreen_1_1SliderConfig.tex [160])
(./classscreen_1_1SliderWidget.tex [161] [162]
Underfull \hbox (badness 10000) detected at line 73
[][][]
 []

) (./classSpinRPMCommand.tex <./classSpinRPMCommand__inherit__graph.pdf>
<classSpinRPMCommand__inherit__graph.pdf, id=7226, 182.6825pt x 155.58125pt>
File: classSpinRPMCommand__inherit__graph.pdf Graphic file (type pdf)
<use classSpinRPMCommand__inherit__graph.pdf>
Package pdftex.def Info: classSpinRPMCommand__inherit__graph.pdf  used on input
 line 14.
(pdftex.def)             Requested size: 182.0pt x 155.00635pt.

[163] <./classSpinRPMCommand__coll__graph.pdf>
<classSpinRPMCommand__coll__graph.pdf, id=7241, 184.69pt x 222.8325pt>
File: classSpinRPMCommand__coll__graph.pdf Graphic file (type pdf)
<use classSpinRPMCommand__coll__graph.pdf>
Package pdftex.def Info: classSpinRPMCommand__coll__graph.pdf  used on input li
ne 24.
(pdftex.def)             Requested size: 184.0pt x 222.00232pt.
 [164]
Underfull \hbox (badness 10000) detected at line 84
[][][]
 []

) (./structPurePursuit_1_1spline.tex [165]) (./classscreen_1_1StatsPage.tex <./
classscreen_1_1StatsPage__inherit__graph.pdf>
<classscreen_1_1StatsPage__inherit__graph.pdf, id=7285, 176.66pt x 155.58125pt>

File: classscreen_1_1StatsPage__inherit__graph.pdf Graphic file (type pdf)
<use classscreen_1_1StatsPage__inherit__graph.pdf>
Package pdftex.def Info: classscreen_1_1StatsPage__inherit__graph.pdf  used on 
input line 19.
(pdftex.def)             Requested size: 176.0pt x 155.0016pt.
 <./classscreen_1_1StatsPage__coll__graph.pdf>
<classscreen_1_1StatsPage__coll__graph.pdf, id=7293, 176.66pt x 155.58125pt>
File: classscreen_1_1StatsPage__coll__graph.pdf Graphic file (type pdf)
<use classscreen_1_1StatsPage__coll__graph.pdf>
Package pdftex.def Info: classscreen_1_1StatsPage__coll__graph.pdf  used on inp
ut line 29.
(pdftex.def)             Requested size: 176.0pt x 155.0016pt.
 [166] [167]
Underfull \hbox (badness 10000) detected at line 71
[][][]
 []


Underfull \hbox (badness 10000) detected at line 84
[][][]
 []

) (./classTakeBackHalf.tex <./classTakeBackHalf__inherit__graph.pdf>
<classTakeBackHalf__inherit__graph.pdf, id=7333, 158.5925pt x 155.58125pt>
File: classTakeBackHalf__inherit__graph.pdf Graphic file (type pdf)
<use classTakeBackHalf__inherit__graph.pdf>
Package pdftex.def Info: classTakeBackHalf__inherit__graph.pdf  used on input l
ine 19.
(pdftex.def)             Requested size: 158.0pt x 155.01347pt.
 <./classTakeBackHalf__coll__graph.pdf>
<classTakeBackHalf__coll__graph.pdf, id=7341, 158.5925pt x 155.58125pt>
File: classTakeBackHalf__coll__graph.pdf Graphic file (type pdf)
<use classTakeBackHalf__coll__graph.pdf>
Package pdftex.def Info: classTakeBackHalf__coll__graph.pdf  used on input line
 29.
(pdftex.def)             Requested size: 158.0pt x 155.01347pt.
 [168]
Underfull \hbox (badness 10000) detected at line 62
[][][]
 []


Underfull \hbox (badness 10000) detected at line 74
[][][]
 []

[169]
Underfull \hbox (badness 10000) detected at line 110
[][][]
 []

[170] [171]
Underfull \hbox (badness 10000) detected at line 149
[][][]
 []

) (./classTankDrive.tex
Underfull \hbox (badness 870) in paragraph at lines 27--29
[][] $\OMS/cmsy/m/n/10 ^^C$ \T1/phv/b/n/10 Drive[]Forward[]Cmd \T1/phv/m/n/10 (
dou-ble dist, vex[]::direction[]Type dir=vex[]::forward, dou-ble max[]_[]
 []

[172] [173]
Overfull \vbox (10.43742pt too high) has occurred while \output is active []


[174]
Underfull \hbox (badness 10000) detected at line 189
[][][]
 []


Underfull \hbox (badness 10000) detected at line 213
[][][]
 []


Overfull \vbox (3.33835pt too high) has occurred while \output is active []


[175] [176]
Underfull \hbox (badness 10000) detected at line 299
[][][]
 []

[177]
Underfull \hbox (badness 10000) detected at line 342
[][][]
 []


Underfull \hbox (badness 10000) detected at line 360
[][][]
 []


Underfull \hbox (badness 10000) detected at line 370
[][][]
 []

[178]
Underfull \hbox (badness 10000) detected at line 394
[][][]
 []


Underfull \hbox (badness 10000) detected at line 410
[][][]
 []


Overfull \vbox (28.85034pt too high) has occurred while \output is active []


[179]
Underfull \hbox (badness 10000) detected at line 434
[][][]
 []


Underfull \hbox (badness 10000) detected at line 450
[][][]
 []

[180]
Underfull \hbox (badness 10000) detected at line 497
[][][]
 []


Underfull \hbox (badness 10000) detected at line 534
[][][]
 []

[181]
Underfull \hbox (badness 10000) detected at line 565
[][][]
 []

[182]
Underfull \hbox (badness 10000) detected at line 600
[][][]
 []

) (./structscreen_1_1TextConfig.tex) (./classTimesTestedCondition.tex <./classT
imesTestedCondition__inherit__graph.pdf>
<classTimesTestedCondition__inherit__graph.pdf, id=7569, 194.7275pt x 155.58125
pt>
File: classTimesTestedCondition__inherit__graph.pdf Graphic file (type pdf)
<use classTimesTestedCondition__inherit__graph.pdf>
Package pdftex.def Info: classTimesTestedCondition__inherit__graph.pdf  used on
 input line 10.
(pdftex.def)             Requested size: 194.0pt x 155.00635pt.
 <./classTimesTestedCondition__coll__graph.pdf>
<classTimesTestedCondition__coll__graph.pdf, id=7577, 194.7275pt x 155.58125pt>

File: classTimesTestedCondition__coll__graph.pdf Graphic file (type pdf)
<use classTimesTestedCondition__coll__graph.pdf>
Package pdftex.def Info: classTimesTestedCondition__coll__graph.pdf  used on in
put line 20.
(pdftex.def)             Requested size: 194.0pt x 155.00635pt.
 [183]) (./structtrapezoid__profile__segment__t.tex [184])
(./classTrapezoidProfile.tex [185]
Overfull \hbox (52.48337pt too wide) in paragraph at lines 57--58
[]\T1/phv/m/n/10 Here are the equa-tions graphed for ease of understanding[]: [
][] \T1/pcr/m/n/10 https[]://www.[]desmos.[]com/calculator/rkm3ivu1yk[][] 
 []


Underfull \hbox (badness 10000) detected at line 59
[][][]
 []


Underfull \hbox (badness 10000) detected at line 62
[][][]
 []

[186] [187]
Underfull \hbox (badness 10000) detected at line 105
[][][]
 []


Underfull \hbox (badness 10000) detected at line 123
[][][]
 []


Underfull \hbox (badness 10000) detected at line 136
[][][]
 []


Overfull \vbox (7.89899pt too high) has occurred while \output is active []


[188]) (./classTurnDegreesCommand.tex <./classTurnDegreesCommand__inherit__grap
h.pdf>
<classTurnDegreesCommand__inherit__graph.pdf, id=7666, 196.735pt x 155.58125pt>

File: classTurnDegreesCommand__inherit__graph.pdf Graphic file (type pdf)
<use classTurnDegreesCommand__inherit__graph.pdf>
Package pdftex.def Info: classTurnDegreesCommand__inherit__graph.pdf  used on i
nput line 14.
(pdftex.def)             Requested size: 196.0pt x 154.99922pt.
 [189] <./classTurnDegreesCommand__coll__graph.pdf>
<classTurnDegreesCommand__coll__graph.pdf, id=7681, 196.735pt x 222.8325pt>
File: classTurnDegreesCommand__coll__graph.pdf Graphic file (type pdf)
<use classTurnDegreesCommand__coll__graph.pdf>
Package pdftex.def Info: classTurnDegreesCommand__coll__graph.pdf  used on inpu
t line 24.
(pdftex.def)             Requested size: 196.0pt x 221.99892pt.
 [190] [191]
Underfull \hbox (badness 10000) detected at line 100
[][][]
 []

) (./classTurnToHeadingCommand.tex <./classTurnToHeadingCommand__inherit__graph
.pdf>
<classTurnToHeadingCommand__inherit__graph.pdf, id=7729, 207.77625pt x 155.5812
5pt>
File: classTurnToHeadingCommand__inherit__graph.pdf Graphic file (type pdf)
<use classTurnToHeadingCommand__inherit__graph.pdf>
Package pdftex.def Info: classTurnToHeadingCommand__inherit__graph.pdf  used on
 input line 14.
(pdftex.def)             Requested size: 207.0pt x 155.00635pt.
 <./classTurnToHeadingCommand__coll__graph.pdf>
<classTurnToHeadingCommand__coll__graph.pdf, id=7737, 207.77625pt x 222.8325pt>

File: classTurnToHeadingCommand__coll__graph.pdf Graphic file (type pdf)
<use classTurnToHeadingCommand__coll__graph.pdf>
Package pdftex.def Info: classTurnToHeadingCommand__coll__graph.pdf  used on in
put line 24.
(pdftex.def)             Requested size: 207.0pt x 222.00911pt.

Underfull \hbox (badness 1675) in paragraph at lines 30--32
[][] \T1/phv/m/n/10 ([] &drive[]_[]sys, [] &feed-back, dou-ble heading[]_[]deg,
 dou-ble
 []

[192] [193]
Underfull \hbox (badness 10000) detected at line 100
[][][]
 []

) (./classVector2D.tex [194] [195]
Underfull \hbox (badness 10000) detected at line 77
[][][]
 []


Underfull \hbox (badness 10000) detected at line 88
[][][]
 []


Underfull \hbox (badness 10000) detected at line 97
[][][]
 []

[196]
Underfull \hbox (badness 10000) detected at line 106
[][][]
 []


Underfull \hbox (badness 10000) detected at line 115
[][][]
 []


Underfull \hbox (badness 10000) detected at line 129
[][][]
 []

[197]
Underfull \hbox (badness 10000) detected at line 143
[][][]
 []


Underfull \hbox (badness 10000) detected at line 157
[][][]
 []


Underfull \hbox (badness 10000) detected at line 166
[][][]
 []


Underfull \hbox (badness 10000) detected at line 169
[][][]
 []

) (./classWaitUntilCondition.tex [198] <./classWaitUntilCondition__inherit__gra
ph.pdf>
<classWaitUntilCondition__inherit__graph.pdf, id=7863, 176.66pt x 155.58125pt>
File: classWaitUntilCondition__inherit__graph.pdf Graphic file (type pdf)
<use classWaitUntilCondition__inherit__graph.pdf>
Package pdftex.def Info: classWaitUntilCondition__inherit__graph.pdf  used on i
nput line 19.
(pdftex.def)             Requested size: 176.0pt x 155.0016pt.
 <./classWaitUntilCondition__coll__graph.pdf>
<classWaitUntilCondition__coll__graph.pdf, id=7871, 181.67876pt x 222.8325pt>
File: classWaitUntilCondition__coll__graph.pdf Graphic file (type pdf)
<use classWaitUntilCondition__coll__graph.pdf>
Package pdftex.def Info: classWaitUntilCondition__coll__graph.pdf  used on inpu
t line 29.
(pdftex.def)             Requested size: 181.0pt x 222.0057pt.
 [199]
Underfull \hbox (badness 10000) detected at line 74
[][][]
 []

) (./classWaitUntilUpToSpeedCommand.tex <./classWaitUntilUpToSpeedCommand__inhe
rit__graph.pdf>
<classWaitUntilUpToSpeedCommand__inherit__graph.pdf, id=7903, 232.87pt x 155.58
125pt>
File: classWaitUntilUpToSpeedCommand__inherit__graph.pdf Graphic file (type pdf
)
<use classWaitUntilUpToSpeedCommand__inherit__graph.pdf>
Package pdftex.def Info: classWaitUntilUpToSpeedCommand__inherit__graph.pdf  us
ed on input line 14.
(pdftex.def)             Requested size: 232.0pt x 155.00635pt.
 <./classWaitUntilUpToSpeedCommand__coll__graph.pdf>
<classWaitUntilUpToSpeedCommand__coll__graph.pdf, id=7911, 232.87pt x 222.8325p
t>
File: classWaitUntilUpToSpeedCommand__coll__graph.pdf Graphic file (type pdf)
<use classWaitUntilUpToSpeedCommand__coll__graph.pdf>
Package pdftex.def Info: classWaitUntilUpToSpeedCommand__coll__graph.pdf  used 
on input line 24.
(pdftex.def)             Requested size: 232.0pt x 222.00911pt.
 [200]
[201]
Underfull \hbox (badness 10000) detected at line 84
[][][]
 []

) (./structscreen_1_1WidgetConfig.tex <./structscreen_1_1WidgetConfig__coll__gr
aph.pdf>
<structscreen_1_1WidgetConfig__coll__graph.pdf, id=7954, 387.4475pt x 285.065pt
>
File: structscreen_1_1WidgetConfig__coll__graph.pdf Graphic file (type pdf)
<use structscreen_1_1WidgetConfig__coll__graph.pdf>
Package pdftex.def Info: structscreen_1_1WidgetConfig__coll__graph.pdf  used on
 input line 10.
(pdftex.def)             Requested size: 350.0pt x 257.51741pt.
 [202]) (./classscreen_1_1WidgetPage.tex <./classscreen_1_1WidgetPage__inherit_
_graph.pdf>
<classscreen_1_1WidgetPage__inherit__graph.pdf, id=7984, 182.6825pt x 155.58125
pt>
File: classscreen_1_1WidgetPage__inherit__graph.pdf Graphic file (type pdf)
<use classscreen_1_1WidgetPage__inherit__graph.pdf>
Package pdftex.def Info: classscreen_1_1WidgetPage__inherit__graph.pdf  used on
 input line 10.
(pdftex.def)             Requested size: 182.0pt x 155.00635pt.
 [203] <./classscreen_1_1WidgetPage__coll__graph.pdf>
<classscreen_1_1WidgetPage__coll__graph.pdf, id=8004, 182.6825pt x 155.58125pt>

File: classscreen_1_1WidgetPage__coll__graph.pdf Graphic file (type pdf)
<use classscreen_1_1WidgetPage__coll__graph.pdf>
Package pdftex.def Info: classscreen_1_1WidgetPage__coll__graph.pdf  used on in
put line 20.
(pdftex.def)             Requested size: 182.0pt x 155.00635pt.

[204]) [205] [206

]
Chapter 6.
(./robot__specs_8h_source.tex) (./custom__encoder_8h_source.tex)
(./flywheel_8h_source.tex [207]) (./layout_8h_source.tex [208])
(./lift_8h_source.tex [209] [210]) (./mecanum__drive_8h_source.tex [211])
(./odometry__3wheel_8h_source.tex [212]) (./odometry__base_8h_source.tex)
(./odometry__tank_8h_source.tex [213]) (./screen_8h_source.tex [214] [215]
[216]) (./tank__drive_8h_source.tex [217]) (./auto__chooser_8h_source.tex)
(./auto__command_8h_source.tex [218] [219] [220])
(./basic__command_8h_source.tex) (./command__controller_8h_source.tex [221])
(./delay__command_8h_source.tex) (./drive__commands_8h_source.tex [222]
[223]) (./flywheel__commands_8h_source.tex [224]) (./bang__bang_8h_source.tex)
(./feedback__base_8h_source.tex [225]) (./feedforward_8h_source.tex)
(./motion__controller_8h_source.tex [226]) (./pid_8h_source.tex [227])
(./pidff_8h_source.tex) (./take__back__half_8h_source.tex [228])
(./trapezoid__profile_8h_source.tex [229]) (./generic__auto_8h_source.tex)
(./geometry_8h_source.tex [230]) (./graph__drawer_8h_source.tex [231])
(./logger_8h_source.tex) (./math__util_8h_source.tex [232])
(./moving__average_8h_source.tex [233]) (./pure__pursuit_8h_source.tex [234])
(./serializer_8h_source.tex [235]) (./vector2d_8h_source.tex) [236]
(./refman.ind
LaTeX Font Info:    Font shape `T1/phv/m/n' will be
(Font)              scaled to size 22.39185pt on input line 1.
 [237



] [238]
Underfull \hbox (badness 10000) in paragraph at lines 318--320
[]\T1/phv/m/n/10 include/utils/command_structure/basic_command.h,
 []


Underfull \hbox (badness 10000) in paragraph at lines 322--324
[]\T1/phv/m/n/10 include/utils/command_structure/delay_command.h,
 []


Underfull \hbox (badness 10000) in paragraph at lines 324--326
[]\T1/phv/m/n/10 include/utils/command_structure/drive_commands.h,
 []

[239] [240] [241] [242] [243] [244

]) (./refman.aux)
Package rerunfilecheck Info: File `refman.out' has not changed.
(rerunfilecheck)             Checksum: 47C9077C53E4ACA01732A9A5950F9E10;133183.

 ) 
Here is how much of TeX's memory you used:
 22810 strings out of 480247
 437138 string characters out of 5896151
 793134 words of memory out of 5000000
 38149 multiletter control sequences out of 15000+600000
 529736 words of font info for 113 fonts, out of 8000000 for 9000
 14 hyphenation exceptions out of 8191
 99i,16n,117p,2191b,696s stack positions out of 5000i,500n,10000p,200000b,80000s
{/usr/share/texlive/texmf-dist/fonts/enc/dvips/base/8r.enc}</usr/share/texliv
e/texmf-dist/fonts/type1/public/amsfonts/cm/cmmi10.pfb></usr/share/texlive/texm
f-dist/fonts/type1/public/amsfonts/cm/cmmi12.pfb></usr/share/texlive/texmf-dist
/fonts/type1/public/amsfonts/cm/cmmi7.pfb></usr/share/texlive/texmf-dist/fonts/
type1/public/amsfonts/cm/cmmi8.pfb></usr/share/texlive/texmf-dist/fonts/type1/p
ublic/amsfonts/cm/cmsy10.pfb></usr/share/texlive/texmf-dist/fonts/type1/public/
amsfonts/cm/cmsy7.pfb></usr/share/texlive/texmf-dist/fonts/type1/public/amsfont
s/cm/cmsy8.pfb></usr/share/texlive/texmf-dist/fonts/type1/public/amsfonts/cm/cm
sy9.pfb></usr/share/texlive/texmf-dist/fonts/type1/urw/courier/ucrb8a.pfb></usr
/share/texlive/texmf-dist/fonts/type1/urw/courier/ucrr8a.pfb></usr/share/texliv
e/texmf-dist/fonts/type1/urw/courier/ucrro8a.pfb></usr/share/texlive/texmf-dist
/fonts/type1/urw/helvetic/uhvb8a.pfb></usr/share/texlive/texmf-dist/fonts/type1
/urw/helvetic/uhvb8ac.pfb></usr/share/texlive/texmf-dist/fonts/type1/urw/helvet
ic/uhvr8a.pfb></usr/share/texlive/texmf-dist/fonts/type1/urw/helvetic/uhvro8a.p
fb>
Output written on refman.pdf (262 pages, 1436174 bytes).
PDF statistics:
 10199 PDF objects out of 10688 (max. 8388607)
 9362 compressed objects within 94 object streams
 2003 named destinations out of 2073 (max. 500000)
 5578 words of extra memory for PDF output out of 10000 (max. 10000000)

